{"C:\\Users\\Clara Carvalho\\Desktop\\Desafio unimade\\frontend\\src\\api\\api.ts": {"path":"C:\\Users\\Clara Carvalho\\Desktop\\Desafio unimade\\frontend\\src\\api\\api.ts","statementMap":{"0":{"start":{"line":1,"column":0},"end":{"line":1,"column":26}},"1":{"start":{"line":4,"column":16},"end":{"line":4,"column":39}},"2":{"start":{"line":6,"column":13},"end":{"line":11,"column":3}}},"fnMap":{},"branchMap":{},"s":{"0":4,"1":4,"2":4},"f":{},"b":{}}
,"C:\\Users\\Clara Carvalho\\Desktop\\Desafio unimade\\frontend\\src\\api\\contatoApi.ts": {"path":"C:\\Users\\Clara Carvalho\\Desktop\\Desafio unimade\\frontend\\src\\api\\contatoApi.ts","statementMap":{"0":{"start":{"line":1,"column":0},"end":{"line":1,"column":28}},"1":{"start":{"line":4,"column":13},"end":{"line":57,"column":2}},"2":{"start":{"line":7,"column":16},"end":{"line":7,"column":75}},"3":{"start":{"line":8,"column":21},"end":{"line":8,"column":39}},"4":{"start":{"line":9,"column":4},"end":{"line":9,"column":25}},"5":{"start":{"line":14,"column":21},"end":{"line":14,"column":68}},"6":{"start":{"line":15,"column":4},"end":{"line":15,"column":25}},"7":{"start":{"line":20,"column":21},"end":{"line":20,"column":57}},"8":{"start":{"line":21,"column":4},"end":{"line":21,"column":25}},"9":{"start":{"line":26,"column":21},"end":{"line":26,"column":58}},"10":{"start":{"line":27,"column":4},"end":{"line":27,"column":25}},"11":{"start":{"line":32,"column":21},"end":{"line":32,"column":63}},"12":{"start":{"line":33,"column":4},"end":{"line":33,"column":25}},"13":{"start":{"line":38,"column":21},"end":{"line":38,"column":69}},"14":{"start":{"line":39,"column":4},"end":{"line":39,"column":25}},"15":{"start":{"line":44,"column":4},"end":{"line":44,"column":44}},"16":{"start":{"line":49,"column":4},"end":{"line":49,"column":50}},"17":{"start":{"line":54,"column":21},"end":{"line":54,"column":61}},"18":{"start":{"line":55,"column":4},"end":{"line":55,"column":25}}},"fnMap":{"0":{"name":"(anonymous_0)","decl":{"start":{"line":6,"column":10},"end":{"line":6,"column":15}},"loc":{"start":{"line":6,"column":56},"end":{"line":10,"column":3}}},"1":{"name":"(anonymous_1)","decl":{"start":{"line":13,"column":10},"end":{"line":13,"column":15}},"loc":{"start":{"line":13,"column":55},"end":{"line":16,"column":3}}},"2":{"name":"(anonymous_2)","decl":{"start":{"line":19,"column":15},"end":{"line":19,"column":20}},"loc":{"start":{"line":19,"column":54},"end":{"line":22,"column":3}}},"3":{"name":"(anonymous_3)","decl":{"start":{"line":25,"column":9},"end":{"line":25,"column":14}},"loc":{"start":{"line":25,"column":59},"end":{"line":28,"column":3}}},"4":{"name":"(anonymous_4)","decl":{"start":{"line":31,"column":13},"end":{"line":31,"column":18}},"loc":{"start":{"line":31,"column":79},"end":{"line":34,"column":3}}},"5":{"name":"(anonymous_5)","decl":{"start":{"line":37,"column":13},"end":{"line":37,"column":18}},"loc":{"start":{"line":37,"column":52},"end":{"line":40,"column":3}}},"6":{"name":"(anonymous_6)","decl":{"start":{"line":43,"column":12},"end":{"line":43,"column":17}},"loc":{"start":{"line":43,"column":48},"end":{"line":45,"column":3}}},"7":{"name":"(anonymous_7)","decl":{"start":{"line":48,"column":10},"end":{"line":48,"column":15}},"loc":{"start":{"line":48,"column":46},"end":{"line":50,"column":3}}},"8":{"name":"(anonymous_8)","decl":{"start":{"line":53,"column":19},"end":{"line":53,"column":24}},"loc":{"start":{"line":53,"column":50},"end":{"line":56,"column":3}}}},"branchMap":{"0":{"loc":{"start":{"line":7,"column":16},"end":{"line":7,"column":75}},"type":"cond-expr","locations":[{"start":{"line":7,"column":25},"end":{"line":7,"column":57}},{"start":{"line":7,"column":60},"end":{"line":7,"column":75}}]}},"s":{"0":4,"1":4,"2":6,"3":6,"4":5,"5":0,"6":0,"7":1,"8":0,"9":1,"10":0,"11":1,"12":1,"13":1,"14":1,"15":1,"16":1,"17":1,"18":1},"f":{"0":6,"1":0,"2":1,"3":1,"4":1,"5":1,"6":1,"7":1,"8":1},"b":{"0":[0,6]}}
,"C:\\Users\\Clara Carvalho\\Desktop\\Desafio unimade\\frontend\\src\\components\\atoms\\Avatar\\Avatar.tsx": {"path":"C:\\Users\\Clara Carvalho\\Desktop\\Desafio unimade\\frontend\\src\\components\\atoms\\Avatar\\Avatar.tsx","statementMap":{"0":{"start":{"line":1,"column":0},"end":{"line":1,"column":40}},"1":{"start":{"line":11,"column":45},"end":{"line":86,"column":1}},"2":{"start":{"line":18,"column":36},"end":{"line":18,"column":51}},"3":{"start":{"line":20,"column":22},"end":{"line":22,"column":3}},"4":{"start":{"line":21,"column":4},"end":{"line":21,"column":40}},"5":{"start":{"line":24,"column":29},"end":{"line":32,"column":3}},"6":{"start":{"line":25,"column":4},"end":{"line":27,"column":5}},"7":{"start":{"line":26,"column":6},"end":{"line":26,"column":28}},"8":{"start":{"line":28,"column":4},"end":{"line":30,"column":5}},"9":{"start":{"line":29,"column":6},"end":{"line":29,"column":28}},"10":{"start":{"line":31,"column":4},"end":{"line":31,"column":26}},"11":{"start":{"line":34,"column":23},"end":{"line":42,"column":3}},"12":{"start":{"line":35,"column":4},"end":{"line":37,"column":5}},"13":{"start":{"line":36,"column":6},"end":{"line":36,"column":30}},"14":{"start":{"line":38,"column":4},"end":{"line":40,"column":5}},"15":{"start":{"line":39,"column":6},"end":{"line":39,"column":30}},"16":{"start":{"line":41,"column":4},"end":{"line":41,"column":24}},"17":{"start":{"line":44,"column":2},"end":{"line":85,"column":4}},"18":{"start":{"line":47,"column":26},"end":{"line":47,"column":44}},"19":{"start":{"line":48,"column":26},"end":{"line":48,"column":45}},"20":{"start":{"line":11,"column":13},"end":{"line":11,"column":45}}},"fnMap":{"0":{"name":"(anonymous_9)","decl":{"start":{"line":11,"column":45},"end":{"line":11,"column":46}},"loc":{"start":{"line":17,"column":5},"end":{"line":86,"column":1}}},"1":{"name":"(anonymous_10)","decl":{"start":{"line":20,"column":22},"end":{"line":20,"column":23}},"loc":{"start":{"line":20,"column":47},"end":{"line":22,"column":3}}},"2":{"name":"(anonymous_11)","decl":{"start":{"line":24,"column":29},"end":{"line":24,"column":32}},"loc":{"start":{"line":24,"column":34},"end":{"line":32,"column":3}}},"3":{"name":"(anonymous_12)","decl":{"start":{"line":34,"column":23},"end":{"line":34,"column":26}},"loc":{"start":{"line":34,"column":28},"end":{"line":42,"column":3}}},"4":{"name":"(anonymous_13)","decl":{"start":{"line":47,"column":20},"end":{"line":47,"column":23}},"loc":{"start":{"line":47,"column":26},"end":{"line":47,"column":44}}},"5":{"name":"(anonymous_14)","decl":{"start":{"line":48,"column":20},"end":{"line":48,"column":23}},"loc":{"start":{"line":48,"column":26},"end":{"line":48,"column":45}}}},"branchMap":{"0":{"loc":{"start":{"line":13,"column":2},"end":{"line":13,"column":20}},"type":"default-arg","locations":[{"start":{"line":13,"column":15},"end":{"line":13,"column":20}}]},"1":{"loc":{"start":{"line":15,"column":2},"end":{"line":15,"column":11}},"type":"default-arg","locations":[{"start":{"line":15,"column":9},"end":{"line":15,"column":11}}]},"2":{"loc":{"start":{"line":16,"column":2},"end":{"line":16,"column":16}},"type":"default-arg","locations":[{"start":{"line":16,"column":14},"end":{"line":16,"column":16}}]},"3":{"loc":{"start":{"line":25,"column":4},"end":{"line":27,"column":5}},"type":"if","locations":[{"start":{"line":25,"column":4},"end":{"line":27,"column":5}},{"start":{},"end":{}}]},"4":{"loc":{"start":{"line":28,"column":4},"end":{"line":30,"column":5}},"type":"if","locations":[{"start":{"line":28,"column":4},"end":{"line":30,"column":5}},{"start":{},"end":{}}]},"5":{"loc":{"start":{"line":35,"column":4},"end":{"line":37,"column":5}},"type":"if","locations":[{"start":{"line":35,"column":4},"end":{"line":37,"column":5}},{"start":{},"end":{}}]},"6":{"loc":{"start":{"line":38,"column":4},"end":{"line":40,"column":5}},"type":"if","locations":[{"start":{"line":38,"column":4},"end":{"line":40,"column":5}},{"start":{},"end":{}}]},"7":{"loc":{"start":{"line":57,"column":19},"end":{"line":57,"column":106}},"type":"cond-expr","locations":[{"start":{"line":57,"column":32},"end":{"line":57,"column":50}},{"start":{"line":57,"column":53},"end":{"line":57,"column":106}}]},"8":{"loc":{"start":{"line":57,"column":53},"end":{"line":57,"column":106}},"type":"cond-expr","locations":[{"start":{"line":57,"column":65},"end":{"line":57,"column":83}},{"start":{"line":57,"column":86},"end":{"line":57,"column":106}}]},"9":{"loc":{"start":{"line":63,"column":18},"end":{"line":63,"column":61}},"type":"cond-expr","locations":[{"start":{"line":63,"column":31},"end":{"line":63,"column":46}},{"start":{"line":63,"column":49},"end":{"line":63,"column":61}}]},"10":{"loc":{"start":{"line":65,"column":7},"end":{"line":82,"column":null}},"type":"cond-expr","locations":[{"start":{"line":66,"column":8},"end":{"line":79,"column":null}},{"start":{"line":82,"column":8},"end":{"line":82,"column":25}}]}},"s":{"0":2,"1":2,"2":14,"3":14,"4":13,"5":14,"6":14,"7":1,"8":13,"9":0,"10":13,"11":14,"12":14,"13":1,"14":13,"15":0,"16":13,"17":14,"18":0,"19":0,"20":2},"f":{"0":14,"1":13,"2":14,"3":14,"4":0,"5":0},"b":{"0":[3],"1":[3],"2":[14],"3":[1,13],"4":[0,13],"5":[1,13],"6":[0,13],"7":[1,13],"8":[0,13],"9":[1,13],"10":[1,13]}}
,"C:\\Users\\Clara Carvalho\\Desktop\\Desafio unimade\\frontend\\src\\components\\atoms\\Button\\AddButton.tsx": {"path":"C:\\Users\\Clara Carvalho\\Desktop\\Desafio unimade\\frontend\\src\\components\\atoms\\Button\\AddButton.tsx","statementMap":{"0":{"start":{"line":1,"column":0},"end":{"line":1,"column":48}},"1":{"start":{"line":2,"column":0},"end":{"line":2,"column":41}},"2":{"start":{"line":3,"column":0},"end":{"line":3,"column":66}},"3":{"start":{"line":10,"column":51},"end":{"line":86,"column":1}},"4":{"start":{"line":11,"column":40},"end":{"line":11,"column":55}},"5":{"start":{"line":12,"column":48},"end":{"line":12,"column":77}},"6":{"start":{"line":13,"column":20},"end":{"line":13,"column":51}},"7":{"start":{"line":15,"column":27},"end":{"line":24,"column":3}},"8":{"start":{"line":16,"column":4},"end":{"line":16,"column":25}},"9":{"start":{"line":17,"column":4},"end":{"line":23,"column":5}},"10":{"start":{"line":18,"column":19},"end":{"line":18,"column":60}},"11":{"start":{"line":19,"column":6},"end":{"line":22,"column":9}},"12":{"start":{"line":26,"column":27},"end":{"line":28,"column":3}},"13":{"start":{"line":27,"column":4},"end":{"line":27,"column":26}},"14":{"start":{"line":30,"column":25},"end":{"line":51,"column":null}},"15":{"start":{"line":54,"column":2},"end":{"line":85,"column":4}},"16":{"start":{"line":10,"column":13},"end":{"line":10,"column":51}}},"fnMap":{"0":{"name":"(anonymous_10)","decl":{"start":{"line":10,"column":51},"end":{"line":10,"column":52}},"loc":{"start":{"line":10,"column":83},"end":{"line":86,"column":1}}},"1":{"name":"(anonymous_11)","decl":{"start":{"line":15,"column":27},"end":{"line":15,"column":30}},"loc":{"start":{"line":15,"column":32},"end":{"line":24,"column":3}}},"2":{"name":"(anonymous_12)","decl":{"start":{"line":26,"column":27},"end":{"line":26,"column":30}},"loc":{"start":{"line":26,"column":32},"end":{"line":28,"column":3}}}},"branchMap":{"0":{"loc":{"start":{"line":10,"column":63},"end":{"line":10,"column":77}},"type":"default-arg","locations":[{"start":{"line":10,"column":75},"end":{"line":10,"column":77}}]},"1":{"loc":{"start":{"line":17,"column":4},"end":{"line":23,"column":5}},"type":"if","locations":[{"start":{"line":17,"column":4},"end":{"line":23,"column":5}},{"start":{},"end":{}}]},"2":{"loc":{"start":{"line":30,"column":25},"end":{"line":51,"column":null}},"type":"binary-expr","locations":[{"start":{"line":30,"column":25},"end":{"line":30,"column":36}},{"start":{"line":30,"column":40},"end":{"line":51,"column":null}}]}},"s":{"0":1,"1":1,"2":1,"3":1,"4":1,"5":1,"6":1,"7":1,"8":0,"9":0,"10":0,"11":0,"12":1,"13":0,"14":1,"15":1,"16":1},"f":{"0":1,"1":0,"2":0},"b":{"0":[1],"1":[0,0],"2":[1,0]}}
,"C:\\Users\\Clara Carvalho\\Desktop\\Desafio unimade\\frontend\\src\\components\\atoms\\Button\\Button.tsx": {"path":"C:\\Users\\Clara Carvalho\\Desktop\\Desafio unimade\\frontend\\src\\components\\atoms\\Button\\Button.tsx","statementMap":{"0":{"start":{"line":1,"column":0},"end":{"line":1,"column":26}},"1":{"start":{"line":16,"column":45},"end":{"line":70,"column":1}},"2":{"start":{"line":28,"column":19},"end":{"line":34,"column":4}},"3":{"start":{"line":36,"column":16},"end":{"line":40,"column":4}},"4":{"start":{"line":42,"column":2},"end":{"line":69,"column":4}},"5":{"start":{"line":16,"column":13},"end":{"line":16,"column":45}}},"fnMap":{"0":{"name":"(anonymous_1)","decl":{"start":{"line":16,"column":45},"end":{"line":16,"column":46}},"loc":{"start":{"line":27,"column":5},"end":{"line":70,"column":1}}}},"branchMap":{"0":{"loc":{"start":{"line":18,"column":2},"end":{"line":18,"column":21}},"type":"default-arg","locations":[{"start":{"line":18,"column":12},"end":{"line":18,"column":21}}]},"1":{"loc":{"start":{"line":19,"column":2},"end":{"line":19,"column":13}},"type":"default-arg","locations":[{"start":{"line":19,"column":9},"end":{"line":19,"column":13}}]},"2":{"loc":{"start":{"line":20,"column":2},"end":{"line":20,"column":19}},"type":"default-arg","locations":[{"start":{"line":20,"column":14},"end":{"line":20,"column":19}}]},"3":{"loc":{"start":{"line":21,"column":2},"end":{"line":21,"column":17}},"type":"default-arg","locations":[{"start":{"line":21,"column":12},"end":{"line":21,"column":17}}]},"4":{"loc":{"start":{"line":22,"column":2},"end":{"line":22,"column":18}},"type":"default-arg","locations":[{"start":{"line":22,"column":13},"end":{"line":22,"column":18}}]},"5":{"loc":{"start":{"line":24,"column":2},"end":{"line":24,"column":17}},"type":"default-arg","locations":[{"start":{"line":24,"column":9},"end":{"line":24,"column":17}}]},"6":{"loc":{"start":{"line":26,"column":2},"end":{"line":26,"column":16}},"type":"default-arg","locations":[{"start":{"line":26,"column":14},"end":{"line":26,"column":16}}]},"7":{"loc":{"start":{"line":53,"column":10},"end":{"line":53,"column":35}},"type":"cond-expr","locations":[{"start":{"line":53,"column":22},"end":{"line":53,"column":30}},{"start":{"line":53,"column":33},"end":{"line":53,"column":35}}]},"8":{"loc":{"start":{"line":54,"column":10},"end":{"line":54,"column":57}},"type":"cond-expr","locations":[{"start":{"line":54,"column":20},"end":{"line":54,"column":52}},{"start":{"line":54,"column":55},"end":{"line":54,"column":57}}]},"9":{"loc":{"start":{"line":58,"column":16},"end":{"line":58,"column":35}},"type":"binary-expr","locations":[{"start":{"line":58,"column":16},"end":{"line":58,"column":24}},{"start":{"line":58,"column":28},"end":{"line":58,"column":35}}]},"10":{"loc":{"start":{"line":60,"column":7},"end":{"line":64,"column":null}},"type":"binary-expr","locations":[{"start":{"line":60,"column":7},"end":{"line":60,"column":14}},{"start":{"line":61,"column":8},"end":{"line":63,"column":null}}]},"11":{"loc":{"start":{"line":66,"column":7},"end":{"line":66,"column":46}},"type":"binary-expr","locations":[{"start":{"line":66,"column":7},"end":{"line":66,"column":15}},{"start":{"line":66,"column":19},"end":{"line":66,"column":23}},{"start":{"line":66,"column":27},"end":{"line":66,"column":46}}]}},"s":{"0":1,"1":1,"2":6,"3":6,"4":6,"5":1},"f":{"0":6},"b":{"0":[4],"1":[6],"2":[6],"3":[5],"4":[5],"5":[6],"6":[6],"7":[0,6],"8":[1,5],"9":[6,5],"10":[6,1],"11":[6,5,0]}}
,"C:\\Users\\Clara Carvalho\\Desktop\\Desafio unimade\\frontend\\src\\components\\atoms\\Button\\ModalButton.tsx": {"path":"C:\\Users\\Clara Carvalho\\Desktop\\Desafio unimade\\frontend\\src\\components\\atoms\\Button\\ModalButton.tsx","statementMap":{"0":{"start":{"line":1,"column":0},"end":{"line":1,"column":26}},"1":{"start":{"line":11,"column":55},"end":{"line":98,"column":1}},"2":{"start":{"line":18,"column":21},"end":{"line":26,"column":4}},"3":{"start":{"line":28,"column":19},"end":{"line":41,"column":4}},"4":{"start":{"line":43,"column":16},"end":{"line":80,"column":4}},"5":{"start":{"line":82,"column":2},"end":{"line":97,"column":4}},"6":{"start":{"line":11,"column":13},"end":{"line":11,"column":55}}},"fnMap":{"0":{"name":"(anonymous_1)","decl":{"start":{"line":11,"column":55},"end":{"line":11,"column":56}},"loc":{"start":{"line":17,"column":5},"end":{"line":98,"column":1}}}},"branchMap":{"0":{"loc":{"start":{"line":15,"column":2},"end":{"line":15,"column":16}},"type":"default-arg","locations":[{"start":{"line":15,"column":14},"end":{"line":15,"column":16}}]},"1":{"loc":{"start":{"line":16,"column":2},"end":{"line":16,"column":18}},"type":"default-arg","locations":[{"start":{"line":16,"column":13},"end":{"line":16,"column":18}}]}},"s":{"0":1,"1":1,"2":0,"3":0,"4":0,"5":0,"6":1},"f":{"0":0},"b":{"0":[0],"1":[0]}}
,"C:\\Users\\Clara Carvalho\\Desktop\\Desafio unimade\\frontend\\src\\components\\atoms\\Container\\Container.tsx": {"path":"C:\\Users\\Clara Carvalho\\Desktop\\Desafio unimade\\frontend\\src\\components\\atoms\\Container\\Container.tsx","statementMap":{"0":{"start":{"line":1,"column":0},"end":{"line":1,"column":26}},"1":{"start":{"line":14,"column":51},"end":{"line":62,"column":1}},"2":{"start":{"line":24,"column":26},"end":{"line":32,"column":4}},"3":{"start":{"line":34,"column":25},"end":{"line":41,"column":4}},"4":{"start":{"line":43,"column":26},"end":{"line":47,"column":4}},"5":{"start":{"line":49,"column":2},"end":{"line":61,"column":4}},"6":{"start":{"line":14,"column":13},"end":{"line":14,"column":51}},"7":{"start":{"line":64,"column":0},"end":{"line":64,"column":25}}},"fnMap":{"0":{"name":"(anonymous_1)","decl":{"start":{"line":14,"column":51},"end":{"line":14,"column":52}},"loc":{"start":{"line":23,"column":5},"end":{"line":62,"column":1}}}},"branchMap":{"0":{"loc":{"start":{"line":16,"column":2},"end":{"line":16,"column":16}},"type":"default-arg","locations":[{"start":{"line":16,"column":14},"end":{"line":16,"column":16}}]},"1":{"loc":{"start":{"line":17,"column":2},"end":{"line":17,"column":19}},"type":"default-arg","locations":[{"start":{"line":17,"column":13},"end":{"line":17,"column":19}}]},"2":{"loc":{"start":{"line":18,"column":2},"end":{"line":18,"column":16}},"type":"default-arg","locations":[{"start":{"line":18,"column":12},"end":{"line":18,"column":16}}]},"3":{"loc":{"start":{"line":19,"column":6},"end":{"line":19,"column":23}},"type":"default-arg","locations":[{"start":{"line":19,"column":18},"end":{"line":19,"column":23}}]},"4":{"loc":{"start":{"line":20,"column":2},"end":{"line":20,"column":21}},"type":"default-arg","locations":[{"start":{"line":20,"column":19},"end":{"line":20,"column":21}}]},"5":{"loc":{"start":{"line":21,"column":2},"end":{"line":21,"column":20}},"type":"default-arg","locations":[{"start":{"line":21,"column":18},"end":{"line":21,"column":20}}]},"6":{"loc":{"start":{"line":22,"column":2},"end":{"line":22,"column":22}},"type":"default-arg","locations":[{"start":{"line":22,"column":13},"end":{"line":22,"column":22}}]}},"s":{"0":1,"1":1,"2":2,"3":2,"4":2,"5":2,"6":1,"7":1},"f":{"0":2},"b":{"0":[2],"1":[0],"2":[0],"3":[2],"4":[0],"5":[2],"6":[0]}}
,"C:\\Users\\Clara Carvalho\\Desktop\\Desafio unimade\\frontend\\src\\components\\atoms\\Container\\ContainerWithOverflow.tsx": {"path":"C:\\Users\\Clara Carvalho\\Desktop\\Desafio unimade\\frontend\\src\\components\\atoms\\Container\\ContainerWithOverflow.tsx","statementMap":{"0":{"start":{"line":1,"column":0},"end":{"line":1,"column":26}},"1":{"start":{"line":13,"column":75},"end":{"line":58,"column":1}},"2":{"start":{"line":22,"column":26},"end":{"line":30,"column":4}},"3":{"start":{"line":32,"column":25},"end":{"line":39,"column":4}},"4":{"start":{"line":41,"column":2},"end":{"line":57,"column":4}},"5":{"start":{"line":13,"column":13},"end":{"line":13,"column":75}}},"fnMap":{"0":{"name":"(anonymous_1)","decl":{"start":{"line":13,"column":75},"end":{"line":13,"column":76}},"loc":{"start":{"line":21,"column":5},"end":{"line":58,"column":1}}}},"branchMap":{"0":{"loc":{"start":{"line":15,"column":2},"end":{"line":15,"column":16}},"type":"default-arg","locations":[{"start":{"line":15,"column":14},"end":{"line":15,"column":16}}]},"1":{"loc":{"start":{"line":16,"column":2},"end":{"line":16,"column":19}},"type":"default-arg","locations":[{"start":{"line":16,"column":13},"end":{"line":16,"column":19}}]},"2":{"loc":{"start":{"line":17,"column":2},"end":{"line":17,"column":16}},"type":"default-arg","locations":[{"start":{"line":17,"column":12},"end":{"line":17,"column":16}}]},"3":{"loc":{"start":{"line":18,"column":2},"end":{"line":18,"column":21}},"type":"default-arg","locations":[{"start":{"line":18,"column":19},"end":{"line":18,"column":21}}]},"4":{"loc":{"start":{"line":19,"column":2},"end":{"line":19,"column":20}},"type":"default-arg","locations":[{"start":{"line":19,"column":18},"end":{"line":19,"column":20}}]},"5":{"loc":{"start":{"line":20,"column":2},"end":{"line":20,"column":19}},"type":"default-arg","locations":[{"start":{"line":20,"column":13},"end":{"line":20,"column":19}}]}},"s":{"0":1,"1":1,"2":2,"3":2,"4":2,"5":1},"f":{"0":2},"b":{"0":[2],"1":[0],"2":[0],"3":[0],"4":[2],"5":[0]}}
,"C:\\Users\\Clara Carvalho\\Desktop\\Desafio unimade\\frontend\\src\\components\\atoms\\FavoriteIcon\\FavoriteIcon.tsx": {"path":"C:\\Users\\Clara Carvalho\\Desktop\\Desafio unimade\\frontend\\src\\components\\atoms\\FavoriteIcon\\FavoriteIcon.tsx","statementMap":{"0":{"start":{"line":1,"column":0},"end":{"line":1,"column":48}},"1":{"start":{"line":2,"column":0},"end":{"line":2,"column":66}},"2":{"start":{"line":3,"column":0},"end":{"line":3,"column":41}},"3":{"start":{"line":13,"column":57},"end":{"line":113,"column":1}},"4":{"start":{"line":20,"column":36},"end":{"line":20,"column":51}},"5":{"start":{"line":21,"column":40},"end":{"line":21,"column":55}},"6":{"start":{"line":22,"column":48},"end":{"line":22,"column":77}},"7":{"start":{"line":23,"column":20},"end":{"line":23,"column":48}},"8":{"start":{"line":25,"column":20},"end":{"line":36,"column":3}},"9":{"start":{"line":26,"column":4},"end":{"line":28,"column":5}},"10":{"start":{"line":27,"column":6},"end":{"line":27,"column":133}},"11":{"start":{"line":29,"column":4},"end":{"line":31,"column":5}},"12":{"start":{"line":30,"column":6},"end":{"line":30,"column":133}},"13":{"start":{"line":32,"column":4},"end":{"line":34,"column":5}},"14":{"start":{"line":33,"column":6},"end":{"line":33,"column":133}},"15":{"start":{"line":35,"column":4},"end":{"line":35,"column":124}},"16":{"start":{"line":38,"column":22},"end":{"line":38,"column":64}},"17":{"start":{"line":40,"column":27},"end":{"line":50,"column":3}},"18":{"start":{"line":41,"column":4},"end":{"line":41,"column":23}},"19":{"start":{"line":42,"column":4},"end":{"line":42,"column":25}},"20":{"start":{"line":43,"column":4},"end":{"line":49,"column":5}},"21":{"start":{"line":44,"column":19},"end":{"line":44,"column":60}},"22":{"start":{"line":45,"column":6},"end":{"line":48,"column":9}},"23":{"start":{"line":52,"column":27},"end":{"line":55,"column":3}},"24":{"start":{"line":53,"column":4},"end":{"line":53,"column":24}},"25":{"start":{"line":54,"column":4},"end":{"line":54,"column":26}},"26":{"start":{"line":57,"column":25},"end":{"line":78,"column":null}},"27":{"start":{"line":81,"column":2},"end":{"line":112,"column":4}},"28":{"start":{"line":13,"column":13},"end":{"line":13,"column":57}}},"fnMap":{"0":{"name":"(anonymous_10)","decl":{"start":{"line":13,"column":57},"end":{"line":13,"column":58}},"loc":{"start":{"line":19,"column":5},"end":{"line":113,"column":1}}},"1":{"name":"(anonymous_11)","decl":{"start":{"line":25,"column":20},"end":{"line":25,"column":23}},"loc":{"start":{"line":25,"column":25},"end":{"line":36,"column":3}}},"2":{"name":"(anonymous_12)","decl":{"start":{"line":40,"column":27},"end":{"line":40,"column":30}},"loc":{"start":{"line":40,"column":32},"end":{"line":50,"column":3}}},"3":{"name":"(anonymous_13)","decl":{"start":{"line":52,"column":27},"end":{"line":52,"column":30}},"loc":{"start":{"line":52,"column":32},"end":{"line":55,"column":3}}}},"branchMap":{"0":{"loc":{"start":{"line":16,"column":2},"end":{"line":16,"column":11}},"type":"default-arg","locations":[{"start":{"line":16,"column":9},"end":{"line":16,"column":11}}]},"1":{"loc":{"start":{"line":17,"column":2},"end":{"line":17,"column":16}},"type":"default-arg","locations":[{"start":{"line":17,"column":14},"end":{"line":17,"column":16}}]},"2":{"loc":{"start":{"line":18,"column":2},"end":{"line":18,"column":24}},"type":"default-arg","locations":[{"start":{"line":18,"column":20},"end":{"line":18,"column":24}}]},"3":{"loc":{"start":{"line":26,"column":4},"end":{"line":28,"column":5}},"type":"if","locations":[{"start":{"line":26,"column":4},"end":{"line":28,"column":5}},{"start":{},"end":{}}]},"4":{"loc":{"start":{"line":26,"column":8},"end":{"line":26,"column":32}},"type":"binary-expr","locations":[{"start":{"line":26,"column":8},"end":{"line":26,"column":19}},{"start":{"line":26,"column":23},"end":{"line":26,"column":32}}]},"5":{"loc":{"start":{"line":29,"column":4},"end":{"line":31,"column":5}},"type":"if","locations":[{"start":{"line":29,"column":4},"end":{"line":31,"column":5}},{"start":{},"end":{}}]},"6":{"loc":{"start":{"line":32,"column":4},"end":{"line":34,"column":5}},"type":"if","locations":[{"start":{"line":32,"column":4},"end":{"line":34,"column":5}},{"start":{},"end":{}}]},"7":{"loc":{"start":{"line":32,"column":8},"end":{"line":32,"column":33}},"type":"binary-expr","locations":[{"start":{"line":32,"column":8},"end":{"line":32,"column":20}},{"start":{"line":32,"column":24},"end":{"line":32,"column":33}}]},"8":{"loc":{"start":{"line":38,"column":22},"end":{"line":38,"column":64}},"type":"cond-expr","locations":[{"start":{"line":38,"column":36},"end":{"line":38,"column":50}},{"start":{"line":38,"column":53},"end":{"line":38,"column":64}}]},"9":{"loc":{"start":{"line":43,"column":4},"end":{"line":49,"column":5}},"type":"if","locations":[{"start":{"line":43,"column":4},"end":{"line":49,"column":5}},{"start":{},"end":{}}]},"10":{"loc":{"start":{"line":57,"column":25},"end":{"line":78,"column":null}},"type":"binary-expr","locations":[{"start":{"line":57,"column":25},"end":{"line":57,"column":36}},{"start":{"line":57,"column":40},"end":{"line":78,"column":null}}]},"11":{"loc":{"start":{"line":94,"column":14},"end":{"line":94,"column":54}},"type":"cond-expr","locations":[{"start":{"line":94,"column":32},"end":{"line":94,"column":49}},{"start":{"line":94,"column":52},"end":{"line":94,"column":54}}]},"12":{"loc":{"start":{"line":98,"column":22},"end":{"line":98,"column":87}},"type":"cond-expr","locations":[{"start":{"line":98,"column":36},"end":{"line":98,"column":59}},{"start":{"line":98,"column":62},"end":{"line":98,"column":87}}]}},"s":{"0":1,"1":1,"2":1,"3":1,"4":16,"5":16,"6":16,"7":16,"8":16,"9":16,"10":0,"11":16,"12":14,"13":2,"14":0,"15":2,"16":16,"17":16,"18":0,"19":0,"20":0,"21":0,"22":0,"23":16,"24":0,"25":0,"26":16,"27":16,"28":1},"f":{"0":16,"1":16,"2":0,"3":0},"b":{"0":[0],"1":[15],"2":[16],"3":[0,16],"4":[16,14],"5":[14,2],"6":[0,2],"7":[2,2],"8":[14,2],"9":[0,0],"10":[16,0],"11":[16,0],"12":[14,2]}}
,"C:\\Users\\Clara Carvalho\\Desktop\\Desafio unimade\\frontend\\src\\components\\atoms\\Input\\Icon\\Icon.tsx": {"path":"C:\\Users\\Clara Carvalho\\Desktop\\Desafio unimade\\frontend\\src\\components\\atoms\\Input\\Icon\\Icon.tsx","statementMap":{"0":{"start":{"line":1,"column":0},"end":{"line":1,"column":26}},"1":{"start":{"line":25,"column":41},"end":{"line":115,"column":1}},"2":{"start":{"line":33,"column":54},"end":{"line":104,"column":4}},"3":{"start":{"line":106,"column":2},"end":{"line":114,"column":4}},"4":{"start":{"line":25,"column":13},"end":{"line":25,"column":41}},"5":{"start":{"line":117,"column":0},"end":{"line":117,"column":20}}},"fnMap":{"0":{"name":"(anonymous_1)","decl":{"start":{"line":25,"column":41},"end":{"line":25,"column":42}},"loc":{"start":{"line":31,"column":5},"end":{"line":115,"column":1}}}},"branchMap":{"0":{"loc":{"start":{"line":27,"column":2},"end":{"line":27,"column":11}},"type":"default-arg","locations":[{"start":{"line":27,"column":9},"end":{"line":27,"column":11}}]},"1":{"loc":{"start":{"line":28,"column":2},"end":{"line":28,"column":24}},"type":"default-arg","locations":[{"start":{"line":28,"column":10},"end":{"line":28,"column":24}}]},"2":{"loc":{"start":{"line":29,"column":2},"end":{"line":29,"column":16}},"type":"default-arg","locations":[{"start":{"line":29,"column":14},"end":{"line":29,"column":16}}]}},"s":{"0":2,"1":2,"2":282,"3":282,"4":2,"5":2},"f":{"0":282},"b":{"0":[0],"1":[0],"2":[282]}}
,"C:\\Users\\Clara Carvalho\\Desktop\\Desafio unimade\\frontend\\src\\components\\atoms\\Moda\\Modal.tsx": {"path":"C:\\Users\\Clara Carvalho\\Desktop\\Desafio unimade\\frontend\\src\\components\\atoms\\Moda\\Modal.tsx","statementMap":{"0":{"start":{"line":1,"column":0},"end":{"line":1,"column":49}},"1":{"start":{"line":2,"column":0},"end":{"line":2,"column":41}},"2":{"start":{"line":14,"column":43},"end":{"line":125,"column":1}},"3":{"start":{"line":23,"column":19},"end":{"line":23,"column":47}},"4":{"start":{"line":26,"column":22},"end":{"line":32,"column":4}},"5":{"start":{"line":35,"column":2},"end":{"line":44,"column":24}},"6":{"start":{"line":36,"column":25},"end":{"line":40,"column":5}},"7":{"start":{"line":37,"column":6},"end":{"line":39,"column":7}},"8":{"start":{"line":38,"column":8},"end":{"line":38,"column":18}},"9":{"start":{"line":42,"column":4},"end":{"line":42,"column":55}},"10":{"start":{"line":43,"column":4},"end":{"line":43,"column":71}},"11":{"start":{"line":43,"column":17},"end":{"line":43,"column":70}},"12":{"start":{"line":47,"column":2},"end":{"line":56,"column":15}},"13":{"start":{"line":48,"column":4},"end":{"line":52,"column":5}},"14":{"start":{"line":49,"column":6},"end":{"line":49,"column":46}},"15":{"start":{"line":51,"column":6},"end":{"line":51,"column":45}},"16":{"start":{"line":53,"column":4},"end":{"line":55,"column":6}},"17":{"start":{"line":54,"column":6},"end":{"line":54,"column":45}},"18":{"start":{"line":59,"column":29},"end":{"line":63,"column":3}},"19":{"start":{"line":60,"column":4},"end":{"line":62,"column":5}},"20":{"start":{"line":61,"column":6},"end":{"line":61,"column":16}},"21":{"start":{"line":65,"column":2},"end":{"line":65,"column":27}},"22":{"start":{"line":65,"column":15},"end":{"line":65,"column":27}},"23":{"start":{"line":67,"column":2},"end":{"line":124,"column":4}},"24":{"start":{"line":14,"column":13},"end":{"line":14,"column":43}}},"fnMap":{"0":{"name":"(anonymous_9)","decl":{"start":{"line":14,"column":43},"end":{"line":14,"column":44}},"loc":{"start":{"line":22,"column":5},"end":{"line":125,"column":1}}},"1":{"name":"(anonymous_10)","decl":{"start":{"line":35,"column":12},"end":{"line":35,"column":15}},"loc":{"start":{"line":35,"column":17},"end":{"line":44,"column":3}}},"2":{"name":"(anonymous_11)","decl":{"start":{"line":36,"column":25},"end":{"line":36,"column":26}},"loc":{"start":{"line":36,"column":46},"end":{"line":40,"column":5}}},"3":{"name":"(anonymous_12)","decl":{"start":{"line":43,"column":11},"end":{"line":43,"column":14}},"loc":{"start":{"line":43,"column":17},"end":{"line":43,"column":70}}},"4":{"name":"(anonymous_13)","decl":{"start":{"line":47,"column":12},"end":{"line":47,"column":15}},"loc":{"start":{"line":47,"column":17},"end":{"line":56,"column":3}}},"5":{"name":"(anonymous_14)","decl":{"start":{"line":53,"column":11},"end":{"line":53,"column":14}},"loc":{"start":{"line":53,"column":16},"end":{"line":55,"column":5}}},"6":{"name":"(anonymous_15)","decl":{"start":{"line":59,"column":29},"end":{"line":59,"column":30}},"loc":{"start":{"line":59,"column":53},"end":{"line":63,"column":3}}}},"branchMap":{"0":{"loc":{"start":{"line":19,"column":2},"end":{"line":19,"column":13}},"type":"default-arg","locations":[{"start":{"line":19,"column":9},"end":{"line":19,"column":13}}]},"1":{"loc":{"start":{"line":20,"column":2},"end":{"line":20,"column":24}},"type":"default-arg","locations":[{"start":{"line":20,"column":20},"end":{"line":20,"column":24}}]},"2":{"loc":{"start":{"line":21,"column":2},"end":{"line":21,"column":16}},"type":"default-arg","locations":[{"start":{"line":21,"column":14},"end":{"line":21,"column":16}}]},"3":{"loc":{"start":{"line":37,"column":6},"end":{"line":39,"column":7}},"type":"if","locations":[{"start":{"line":37,"column":6},"end":{"line":39,"column":7}},{"start":{},"end":{}}]},"4":{"loc":{"start":{"line":37,"column":10},"end":{"line":37,"column":38}},"type":"binary-expr","locations":[{"start":{"line":37,"column":10},"end":{"line":37,"column":28}},{"start":{"line":37,"column":32},"end":{"line":37,"column":38}}]},"5":{"loc":{"start":{"line":48,"column":4},"end":{"line":52,"column":5}},"type":"if","locations":[{"start":{"line":48,"column":4},"end":{"line":52,"column":5}},{"start":{"line":50,"column":11},"end":{"line":52,"column":5}}]},"6":{"loc":{"start":{"line":60,"column":4},"end":{"line":62,"column":5}},"type":"if","locations":[{"start":{"line":60,"column":4},"end":{"line":62,"column":5}},{"start":{},"end":{}}]},"7":{"loc":{"start":{"line":65,"column":2},"end":{"line":65,"column":27}},"type":"if","locations":[{"start":{"line":65,"column":2},"end":{"line":65,"column":27}},{"start":{},"end":{}}]},"8":{"loc":{"start":{"line":83,"column":18},"end":{"line":83,"column":50}},"type":"cond-expr","locations":[{"start":{"line":83,"column":34},"end":{"line":83,"column":41}},{"start":{"line":83,"column":44},"end":{"line":83,"column":50}}]},"9":{"loc":{"start":{"line":94,"column":11},"end":{"line":113,"column":null}},"type":"binary-expr","locations":[{"start":{"line":94,"column":11},"end":{"line":94,"column":26}},{"start":{"line":95,"column":12},"end":{"line":112,"column":null}}]}},"s":{"0":2,"1":2,"2":2,"3":5,"4":5,"5":5,"6":5,"7":1,"8":1,"9":5,"10":5,"11":5,"12":5,"13":5,"14":4,"15":1,"16":5,"17":5,"18":5,"19":1,"20":1,"21":5,"22":1,"23":4,"24":2},"f":{"0":5,"1":5,"2":1,"3":5,"4":5,"5":5,"6":1},"b":{"0":[5],"1":[5],"2":[5],"3":[1,0],"4":[1,1],"5":[4,1],"6":[1,0],"7":[1,4],"8":[4,0],"9":[4,4]}}
,"C:\\Users\\Clara Carvalho\\Desktop\\Desafio unimade\\frontend\\src\\components\\atoms\\Moda\\ModalConfirm.tsx": {"path":"C:\\Users\\Clara Carvalho\\Desktop\\Desafio unimade\\frontend\\src\\components\\atoms\\Moda\\ModalConfirm.tsx","statementMap":{"0":{"start":{"line":1,"column":0},"end":{"line":1,"column":26}},"1":{"start":{"line":2,"column":0},"end":{"line":2,"column":42}},"2":{"start":{"line":3,"column":0},"end":{"line":3,"column":54}},"3":{"start":{"line":4,"column":0},"end":{"line":4,"column":61}},"4":{"start":{"line":17,"column":57},"end":{"line":66,"column":1}},"5":{"start":{"line":27,"column":2},"end":{"line":65,"column":4}},"6":{"start":{"line":56,"column":14},"end":{"line":56,"column":26}},"7":{"start":{"line":57,"column":14},"end":{"line":57,"column":24}},"8":{"start":{"line":17,"column":13},"end":{"line":17,"column":57}}},"fnMap":{"0":{"name":"(anonymous_1)","decl":{"start":{"line":17,"column":57},"end":{"line":17,"column":58}},"loc":{"start":{"line":26,"column":5},"end":{"line":66,"column":1}}},"1":{"name":"(anonymous_2)","decl":{"start":{"line":55,"column":21},"end":{"line":55,"column":24}},"loc":{"start":{"line":55,"column":26},"end":{"line":58,"column":13}}}},"branchMap":{"0":{"loc":{"start":{"line":21,"column":2},"end":{"line":21,"column":26}},"type":"default-arg","locations":[{"start":{"line":21,"column":10},"end":{"line":21,"column":26}}]},"1":{"loc":{"start":{"line":22,"column":2},"end":{"line":22,"column":56}},"type":"default-arg","locations":[{"start":{"line":22,"column":12},"end":{"line":22,"column":56}}]},"2":{"loc":{"start":{"line":23,"column":2},"end":{"line":23,"column":27}},"type":"default-arg","locations":[{"start":{"line":23,"column":16},"end":{"line":23,"column":27}}]},"3":{"loc":{"start":{"line":24,"column":2},"end":{"line":24,"column":25}},"type":"default-arg","locations":[{"start":{"line":24,"column":15},"end":{"line":24,"column":25}}]},"4":{"loc":{"start":{"line":30,"column":9},"end":{"line":35,"column":null}},"type":"binary-expr","locations":[{"start":{"line":30,"column":9},"end":{"line":30,"column":13}},{"start":{"line":31,"column":10},"end":{"line":34,"column":null}}]}},"s":{"0":1,"1":1,"2":1,"3":1,"4":1,"5":1,"6":0,"7":0,"8":1},"f":{"0":1,"1":0},"b":{"0":[0],"1":[0],"2":[0],"3":[0],"4":[1,1]}}
,"C:\\Users\\Clara Carvalho\\Desktop\\Desafio unimade\\frontend\\src\\components\\atoms\\Moda\\ModalFooter.tsx": {"path":"C:\\Users\\Clara Carvalho\\Desktop\\Desafio unimade\\frontend\\src\\components\\atoms\\Moda\\ModalFooter.tsx","statementMap":{"0":{"start":{"line":1,"column":0},"end":{"line":1,"column":26}},"1":{"start":{"line":9,"column":55},"end":{"line":30,"column":1}},"2":{"start":{"line":14,"column":23},"end":{"line":19,"column":4}},"3":{"start":{"line":21,"column":2},"end":{"line":29,"column":4}},"4":{"start":{"line":9,"column":13},"end":{"line":9,"column":55}}},"fnMap":{"0":{"name":"(anonymous_1)","decl":{"start":{"line":9,"column":55},"end":{"line":9,"column":56}},"loc":{"start":{"line":13,"column":5},"end":{"line":30,"column":1}}}},"branchMap":{"0":{"loc":{"start":{"line":11,"column":2},"end":{"line":11,"column":16}},"type":"default-arg","locations":[{"start":{"line":11,"column":14},"end":{"line":11,"column":16}}]},"1":{"loc":{"start":{"line":12,"column":2},"end":{"line":12,"column":17}},"type":"default-arg","locations":[{"start":{"line":12,"column":10},"end":{"line":12,"column":17}}]}},"s":{"0":1,"1":1,"2":0,"3":0,"4":1},"f":{"0":0},"b":{"0":[0],"1":[0]}}
,"C:\\Users\\Clara Carvalho\\Desktop\\Desafio unimade\\frontend\\src\\components\\atoms\\Moda\\ModalSmall.tsx": {"path":"C:\\Users\\Clara Carvalho\\Desktop\\Desafio unimade\\frontend\\src\\components\\atoms\\Moda\\ModalSmall.tsx","statementMap":{"0":{"start":{"line":1,"column":0},"end":{"line":1,"column":49}},"1":{"start":{"line":2,"column":0},"end":{"line":2,"column":41}},"2":{"start":{"line":13,"column":53},"end":{"line":107,"column":1}},"3":{"start":{"line":21,"column":19},"end":{"line":21,"column":47}},"4":{"start":{"line":23,"column":2},"end":{"line":32,"column":24}},"5":{"start":{"line":24,"column":25},"end":{"line":28,"column":5}},"6":{"start":{"line":25,"column":6},"end":{"line":27,"column":7}},"7":{"start":{"line":26,"column":8},"end":{"line":26,"column":18}},"8":{"start":{"line":30,"column":4},"end":{"line":30,"column":55}},"9":{"start":{"line":31,"column":4},"end":{"line":31,"column":71}},"10":{"start":{"line":31,"column":17},"end":{"line":31,"column":70}},"11":{"start":{"line":34,"column":2},"end":{"line":43,"column":15}},"12":{"start":{"line":35,"column":4},"end":{"line":39,"column":5}},"13":{"start":{"line":36,"column":6},"end":{"line":36,"column":46}},"14":{"start":{"line":38,"column":6},"end":{"line":38,"column":45}},"15":{"start":{"line":40,"column":4},"end":{"line":42,"column":6}},"16":{"start":{"line":41,"column":6},"end":{"line":41,"column":45}},"17":{"start":{"line":45,"column":29},"end":{"line":49,"column":3}},"18":{"start":{"line":46,"column":4},"end":{"line":48,"column":5}},"19":{"start":{"line":47,"column":6},"end":{"line":47,"column":16}},"20":{"start":{"line":51,"column":2},"end":{"line":51,"column":27}},"21":{"start":{"line":51,"column":15},"end":{"line":51,"column":27}},"22":{"start":{"line":53,"column":2},"end":{"line":106,"column":4}},"23":{"start":{"line":13,"column":13},"end":{"line":13,"column":53}}},"fnMap":{"0":{"name":"(anonymous_9)","decl":{"start":{"line":13,"column":53},"end":{"line":13,"column":54}},"loc":{"start":{"line":20,"column":5},"end":{"line":107,"column":1}}},"1":{"name":"(anonymous_10)","decl":{"start":{"line":23,"column":12},"end":{"line":23,"column":15}},"loc":{"start":{"line":23,"column":17},"end":{"line":32,"column":3}}},"2":{"name":"(anonymous_11)","decl":{"start":{"line":24,"column":25},"end":{"line":24,"column":26}},"loc":{"start":{"line":24,"column":46},"end":{"line":28,"column":5}}},"3":{"name":"(anonymous_12)","decl":{"start":{"line":31,"column":11},"end":{"line":31,"column":14}},"loc":{"start":{"line":31,"column":17},"end":{"line":31,"column":70}}},"4":{"name":"(anonymous_13)","decl":{"start":{"line":34,"column":12},"end":{"line":34,"column":15}},"loc":{"start":{"line":34,"column":17},"end":{"line":43,"column":3}}},"5":{"name":"(anonymous_14)","decl":{"start":{"line":40,"column":11},"end":{"line":40,"column":14}},"loc":{"start":{"line":40,"column":16},"end":{"line":42,"column":5}}},"6":{"name":"(anonymous_15)","decl":{"start":{"line":45,"column":29},"end":{"line":45,"column":30}},"loc":{"start":{"line":45,"column":53},"end":{"line":49,"column":3}}}},"branchMap":{"0":{"loc":{"start":{"line":17,"column":2},"end":{"line":17,"column":24}},"type":"default-arg","locations":[{"start":{"line":17,"column":20},"end":{"line":17,"column":24}}]},"1":{"loc":{"start":{"line":18,"column":2},"end":{"line":18,"column":16}},"type":"default-arg","locations":[{"start":{"line":18,"column":14},"end":{"line":18,"column":16}}]},"2":{"loc":{"start":{"line":19,"column":2},"end":{"line":19,"column":23}},"type":"default-arg","locations":[{"start":{"line":19,"column":13},"end":{"line":19,"column":23}}]},"3":{"loc":{"start":{"line":25,"column":6},"end":{"line":27,"column":7}},"type":"if","locations":[{"start":{"line":25,"column":6},"end":{"line":27,"column":7}},{"start":{},"end":{}}]},"4":{"loc":{"start":{"line":25,"column":10},"end":{"line":25,"column":38}},"type":"binary-expr","locations":[{"start":{"line":25,"column":10},"end":{"line":25,"column":28}},{"start":{"line":25,"column":32},"end":{"line":25,"column":38}}]},"5":{"loc":{"start":{"line":35,"column":4},"end":{"line":39,"column":5}},"type":"if","locations":[{"start":{"line":35,"column":4},"end":{"line":39,"column":5}},{"start":{"line":37,"column":11},"end":{"line":39,"column":5}}]},"6":{"loc":{"start":{"line":46,"column":4},"end":{"line":48,"column":5}},"type":"if","locations":[{"start":{"line":46,"column":4},"end":{"line":48,"column":5}},{"start":{},"end":{}}]},"7":{"loc":{"start":{"line":51,"column":2},"end":{"line":51,"column":27}},"type":"if","locations":[{"start":{"line":51,"column":2},"end":{"line":51,"column":27}},{"start":{},"end":{}}]},"8":{"loc":{"start":{"line":76,"column":11},"end":{"line":95,"column":null}},"type":"binary-expr","locations":[{"start":{"line":76,"column":11},"end":{"line":76,"column":26}},{"start":{"line":77,"column":12},"end":{"line":94,"column":null}}]}},"s":{"0":1,"1":1,"2":1,"3":1,"4":1,"5":1,"6":0,"7":0,"8":1,"9":1,"10":1,"11":1,"12":1,"13":0,"14":1,"15":1,"16":1,"17":1,"18":0,"19":0,"20":1,"21":1,"22":0,"23":1},"f":{"0":1,"1":1,"2":0,"3":1,"4":1,"5":1,"6":0},"b":{"0":[0],"1":[1],"2":[0],"3":[0,0],"4":[0,0],"5":[0,1],"6":[0,0],"7":[1,0],"8":[0,0]}}
,"C:\\Users\\Clara Carvalho\\Desktop\\Desafio unimade\\frontend\\src\\components\\atoms\\Toast\\Toast.tsx": {"path":"C:\\Users\\Clara Carvalho\\Desktop\\Desafio unimade\\frontend\\src\\components\\atoms\\Toast\\Toast.tsx","statementMap":{"0":{"start":{"line":1,"column":0},"end":{"line":1,"column":51}},"1":{"start":{"line":20,"column":43},"end":{"line":163,"column":1}},"2":{"start":{"line":26,"column":36},"end":{"line":26,"column":50}},"3":{"start":{"line":28,"column":2},"end":{"line":35,"column":26}},"4":{"start":{"line":29,"column":18},"end":{"line":32,"column":16}},"5":{"start":{"line":30,"column":6},"end":{"line":30,"column":26}},"6":{"start":{"line":31,"column":6},"end":{"line":31,"column":31}},"7":{"start":{"line":34,"column":4},"end":{"line":34,"column":37}},"8":{"start":{"line":34,"column":17},"end":{"line":34,"column":36}},"9":{"start":{"line":37,"column":18},"end":{"line":117,"column":3}},"10":{"start":{"line":38,"column":4},"end":{"line":116,"column":5}},"11":{"start":{"line":40,"column":8},"end":{"line":50,"column":10}},"12":{"start":{"line":52,"column":8},"end":{"line":62,"column":10}},"13":{"start":{"line":65,"column":8},"end":{"line":78,"column":10}},"14":{"start":{"line":80,"column":8},"end":{"line":92,"column":10}},"15":{"start":{"line":95,"column":8},"end":{"line":105,"column":10}},"16":{"start":{"line":107,"column":8},"end":{"line":113,"column":10}},"17":{"start":{"line":115,"column":8},"end":{"line":115,"column":20}},"18":{"start":{"line":119,"column":29},"end":{"line":126,"column":3}},"19":{"start":{"line":120,"column":4},"end":{"line":125,"column":5}},"20":{"start":{"line":122,"column":8},"end":{"line":122,"column":28}},"21":{"start":{"line":124,"column":8},"end":{"line":124,"column":30}},"22":{"start":{"line":128,"column":28},"end":{"line":140,"column":3}},"23":{"start":{"line":129,"column":4},"end":{"line":139,"column":5}},"24":{"start":{"line":130,"column":25},"end":{"line":130,"column":66}},"25":{"start":{"line":131,"column":28},"end":{"line":131,"column":60}},"26":{"start":{"line":132,"column":25},"end":{"line":132,"column":54}},"27":{"start":{"line":133,"column":22},"end":{"line":133,"column":48}},"28":{"start":{"line":134,"column":25},"end":{"line":134,"column":66}},"29":{"start":{"line":135,"column":25},"end":{"line":135,"column":66}},"30":{"start":{"line":136,"column":24},"end":{"line":136,"column":52}},"31":{"start":{"line":137,"column":19},"end":{"line":137,"column":45}},"32":{"start":{"line":138,"column":15},"end":{"line":138,"column":25}},"33":{"start":{"line":142,"column":2},"end":{"line":162,"column":4}},"34":{"start":{"line":20,"column":13},"end":{"line":20,"column":43}}},"fnMap":{"0":{"name":"(anonymous_9)","decl":{"start":{"line":20,"column":43},"end":{"line":20,"column":44}},"loc":{"start":{"line":25,"column":5},"end":{"line":163,"column":1}}},"1":{"name":"(anonymous_10)","decl":{"start":{"line":28,"column":12},"end":{"line":28,"column":15}},"loc":{"start":{"line":28,"column":17},"end":{"line":35,"column":3}}},"2":{"name":"(anonymous_11)","decl":{"start":{"line":29,"column":29},"end":{"line":29,"column":32}},"loc":{"start":{"line":29,"column":34},"end":{"line":32,"column":5}}},"3":{"name":"(anonymous_12)","decl":{"start":{"line":34,"column":11},"end":{"line":34,"column":14}},"loc":{"start":{"line":34,"column":17},"end":{"line":34,"column":36}}},"4":{"name":"(anonymous_13)","decl":{"start":{"line":37,"column":18},"end":{"line":37,"column":21}},"loc":{"start":{"line":37,"column":23},"end":{"line":117,"column":3}}},"5":{"name":"(anonymous_14)","decl":{"start":{"line":119,"column":29},"end":{"line":119,"column":32}},"loc":{"start":{"line":119,"column":34},"end":{"line":126,"column":3}}},"6":{"name":"(anonymous_15)","decl":{"start":{"line":128,"column":28},"end":{"line":128,"column":31}},"loc":{"start":{"line":128,"column":33},"end":{"line":140,"column":3}}}},"branchMap":{"0":{"loc":{"start":{"line":24,"column":2},"end":{"line":24,"column":17}},"type":"default-arg","locations":[{"start":{"line":24,"column":13},"end":{"line":24,"column":17}}]},"1":{"loc":{"start":{"line":38,"column":4},"end":{"line":116,"column":5}},"type":"switch","locations":[{"start":{"line":39,"column":6},"end":{"line":50,"column":10}},{"start":{"line":51,"column":6},"end":{"line":62,"column":10}},{"start":{"line":63,"column":6},"end":{"line":63,"column":24}},{"start":{"line":64,"column":6},"end":{"line":78,"column":10}},{"start":{"line":79,"column":6},"end":{"line":92,"column":10}},{"start":{"line":93,"column":6},"end":{"line":93,"column":24}},{"start":{"line":94,"column":6},"end":{"line":105,"column":10}},{"start":{"line":106,"column":6},"end":{"line":113,"column":10}},{"start":{"line":114,"column":6},"end":{"line":115,"column":20}}]},"2":{"loc":{"start":{"line":120,"column":4},"end":{"line":125,"column":5}},"type":"switch","locations":[{"start":{"line":121,"column":6},"end":{"line":122,"column":28}},{"start":{"line":123,"column":6},"end":{"line":124,"column":30}}]},"3":{"loc":{"start":{"line":129,"column":4},"end":{"line":139,"column":5}},"type":"switch","locations":[{"start":{"line":130,"column":6},"end":{"line":130,"column":66}},{"start":{"line":131,"column":6},"end":{"line":131,"column":60}},{"start":{"line":132,"column":6},"end":{"line":132,"column":54}},{"start":{"line":133,"column":6},"end":{"line":133,"column":48}},{"start":{"line":134,"column":6},"end":{"line":134,"column":66}},{"start":{"line":135,"column":6},"end":{"line":135,"column":66}},{"start":{"line":136,"column":6},"end":{"line":136,"column":52}},{"start":{"line":137,"column":6},"end":{"line":137,"column":45}},{"start":{"line":138,"column":6},"end":{"line":138,"column":25}}]},"4":{"loc":{"start":{"line":151,"column":10},"end":{"line":151,"column":78}},"type":"cond-expr","locations":[{"start":{"line":151,"column":22},"end":{"line":151,"column":49}},{"start":{"line":151,"column":52},"end":{"line":151,"column":78}}]},"5":{"loc":{"start":{"line":159,"column":9},"end":{"line":159,"column":39}},"type":"binary-expr","locations":[{"start":{"line":159,"column":9},"end":{"line":159,"column":16}},{"start":{"line":159,"column":20},"end":{"line":159,"column":39}}]}},"s":{"0":3,"1":3,"2":2,"3":2,"4":2,"5":0,"6":0,"7":2,"8":2,"9":2,"10":2,"11":0,"12":0,"13":1,"14":1,"15":0,"16":0,"17":0,"18":2,"19":2,"20":0,"21":2,"22":2,"23":0,"24":0,"25":0,"26":0,"27":0,"28":0,"29":0,"30":0,"31":0,"32":0,"33":2,"34":3},"f":{"0":2,"1":2,"2":0,"3":2,"4":2,"5":2,"6":0},"b":{"0":[2],"1":[0,0,1,1,1,0,0,0,0],"2":[0,2],"3":[0,0,0,0,0,0,0,0,0],"4":[2,0],"5":[2,0]}}
,"C:\\Users\\Clara Carvalho\\Desktop\\Desafio unimade\\frontend\\src\\components\\atoms\\Toast\\ToastContext.tsx": {"path":"C:\\Users\\Clara Carvalho\\Desktop\\Desafio unimade\\frontend\\src\\components\\atoms\\Toast\\ToastContext.tsx","statementMap":{"0":{"start":{"line":1,"column":0},"end":{"line":1,"column":38}},"1":{"start":{"line":8,"column":13},"end":{"line":8,"column":83}}},"fnMap":{},"branchMap":{},"s":{"0":3,"1":3},"f":{},"b":{}}
,"C:\\Users\\Clara Carvalho\\Desktop\\Desafio unimade\\frontend\\src\\components\\atoms\\Toast\\ToastProvider.tsx": {"path":"C:\\Users\\Clara Carvalho\\Desktop\\Desafio unimade\\frontend\\src\\components\\atoms\\Toast\\ToastProvider.tsx","statementMap":{"0":{"start":{"line":1,"column":0},"end":{"line":1,"column":53}},"1":{"start":{"line":3,"column":0},"end":{"line":3,"column":32}},"2":{"start":{"line":4,"column":0},"end":{"line":4,"column":46}},"3":{"start":{"line":12,"column":70},"end":{"line":37,"column":1}},"4":{"start":{"line":13,"column":30},"end":{"line":13,"column":55}},"5":{"start":{"line":15,"column":20},"end":{"line":18,"column":8}},"6":{"start":{"line":16,"column":15},"end":{"line":16,"column":25}},"7":{"start":{"line":17,"column":4},"end":{"line":17,"column":73}},"8":{"start":{"line":17,"column":24},"end":{"line":17,"column":71}},"9":{"start":{"line":20,"column":22},"end":{"line":22,"column":8}},"10":{"start":{"line":21,"column":4},"end":{"line":21,"column":65}},"11":{"start":{"line":21,"column":24},"end":{"line":21,"column":63}},"12":{"start":{"line":21,"column":47},"end":{"line":21,"column":62}},"13":{"start":{"line":24,"column":2},"end":{"line":36,"column":4}},"14":{"start":{"line":28,"column":8},"end":{"line":29,"column":null}},"15":{"start":{"line":32,"column":25},"end":{"line":32,"column":46}},"16":{"start":{"line":12,"column":13},"end":{"line":12,"column":70}}},"fnMap":{"0":{"name":"(anonymous_9)","decl":{"start":{"line":12,"column":70},"end":{"line":12,"column":71}},"loc":{"start":{"line":12,"column":87},"end":{"line":37,"column":1}}},"1":{"name":"(anonymous_10)","decl":{"start":{"line":15,"column":32},"end":{"line":15,"column":33}},"loc":{"start":{"line":15,"column":70},"end":{"line":18,"column":3}}},"2":{"name":"(anonymous_11)","decl":{"start":{"line":17,"column":14},"end":{"line":17,"column":15}},"loc":{"start":{"line":17,"column":24},"end":{"line":17,"column":71}}},"3":{"name":"(anonymous_12)","decl":{"start":{"line":20,"column":34},"end":{"line":20,"column":35}},"loc":{"start":{"line":20,"column":49},"end":{"line":22,"column":3}}},"4":{"name":"(anonymous_13)","decl":{"start":{"line":21,"column":14},"end":{"line":21,"column":15}},"loc":{"start":{"line":21,"column":24},"end":{"line":21,"column":63}}},"5":{"name":"(anonymous_14)","decl":{"start":{"line":21,"column":36},"end":{"line":21,"column":37}},"loc":{"start":{"line":21,"column":47},"end":{"line":21,"column":62}}},"6":{"name":"(anonymous_15)","decl":{"start":{"line":27,"column":18},"end":{"line":27,"column":19}},"loc":{"start":{"line":28,"column":8},"end":{"line":29,"column":null}}},"7":{"name":"(anonymous_16)","decl":{"start":{"line":32,"column":19},"end":{"line":32,"column":22}},"loc":{"start":{"line":32,"column":25},"end":{"line":32,"column":46}}}},"branchMap":{"0":{"loc":{"start":{"line":17,"column":55},"end":{"line":17,"column":68}},"type":"binary-expr","locations":[{"start":{"line":17,"column":55},"end":{"line":17,"column":62}},{"start":{"line":17,"column":66},"end":{"line":17,"column":68}}]}},"s":{"0":3,"1":3,"2":3,"3":3,"4":12,"5":12,"6":2,"7":2,"8":2,"9":12,"10":0,"11":0,"12":0,"13":12,"14":2,"15":0,"16":3},"f":{"0":12,"1":2,"2":2,"3":0,"4":0,"5":0,"6":2,"7":0},"b":{"0":[2,0]}}
,"C:\\Users\\Clara Carvalho\\Desktop\\Desafio unimade\\frontend\\src\\components\\atoms\\Toast\\index.ts": {"path":"C:\\Users\\Clara Carvalho\\Desktop\\Desafio unimade\\frontend\\src\\components\\atoms\\Toast\\index.ts","statementMap":{"0":{"start":{"line":1,"column":0},"end":{"line":1,"column":9}},"1":{"start":{"line":1,"column":9},"end":{"line":1,"column":32}},"2":{"start":{"line":3,"column":0},"end":{"line":3,"column":9}},"3":{"start":{"line":3,"column":9},"end":{"line":3,"column":48}},"4":{"start":{"line":4,"column":0},"end":{"line":4,"column":9}},"5":{"start":{"line":4,"column":9},"end":{"line":4,"column":38}}},"fnMap":{"0":{"name":"(anonymous_0)","decl":{"start":{"line":1,"column":9},"end":{"line":1,"column":14}},"loc":{"start":{"line":1,"column":9},"end":{"line":1,"column":32}}},"1":{"name":"(anonymous_1)","decl":{"start":{"line":3,"column":9},"end":{"line":3,"column":22}},"loc":{"start":{"line":3,"column":9},"end":{"line":3,"column":48}}},"2":{"name":"(anonymous_2)","decl":{"start":{"line":4,"column":9},"end":{"line":4,"column":17}},"loc":{"start":{"line":4,"column":9},"end":{"line":4,"column":38}}}},"branchMap":{},"s":{"0":3,"1":3,"2":3,"3":13,"4":3,"5":30},"f":{"0":0,"1":10,"2":27},"b":{}}
,"C:\\Users\\Clara Carvalho\\Desktop\\Desafio unimade\\frontend\\src\\components\\atoms\\Toast\\useToast.ts": {"path":"C:\\Users\\Clara Carvalho\\Desktop\\Desafio unimade\\frontend\\src\\components\\atoms\\Toast\\useToast.ts","statementMap":{"0":{"start":{"line":1,"column":0},"end":{"line":1,"column":35}},"1":{"start":{"line":2,"column":0},"end":{"line":2,"column":46}},"2":{"start":{"line":4,"column":24},"end":{"line":10,"column":1}},"3":{"start":{"line":5,"column":18},"end":{"line":5,"column":42}},"4":{"start":{"line":6,"column":2},"end":{"line":8,"column":3}},"5":{"start":{"line":7,"column":4},"end":{"line":7,"column":68}},"6":{"start":{"line":9,"column":2},"end":{"line":9,"column":17}},"7":{"start":{"line":4,"column":13},"end":{"line":4,"column":24}}},"fnMap":{"0":{"name":"(anonymous_0)","decl":{"start":{"line":4,"column":24},"end":{"line":4,"column":27}},"loc":{"start":{"line":4,"column":29},"end":{"line":10,"column":1}}}},"branchMap":{"0":{"loc":{"start":{"line":6,"column":2},"end":{"line":8,"column":3}},"type":"if","locations":[{"start":{"line":6,"column":2},"end":{"line":8,"column":3}},{"start":{},"end":{}}]}},"s":{"0":3,"1":3,"2":3,"3":27,"4":27,"5":0,"6":27,"7":3},"f":{"0":27},"b":{"0":[0,27]}}
,"C:\\Users\\Clara Carvalho\\Desktop\\Desafio unimade\\frontend\\src\\components\\atoms\\ToggleSwitch\\ToggleSwitch.tsx": {"path":"C:\\Users\\Clara Carvalho\\Desktop\\Desafio unimade\\frontend\\src\\components\\atoms\\ToggleSwitch\\ToggleSwitch.tsx","statementMap":{"0":{"start":{"line":1,"column":0},"end":{"line":1,"column":48}},"1":{"start":{"line":2,"column":0},"end":{"line":2,"column":41}},"2":{"start":{"line":12,"column":57},"end":{"line":143,"column":1}},"3":{"start":{"line":19,"column":36},"end":{"line":19,"column":51}},"4":{"start":{"line":20,"column":40},"end":{"line":20,"column":55}},"5":{"start":{"line":21,"column":48},"end":{"line":21,"column":77}},"6":{"start":{"line":22,"column":20},"end":{"line":22,"column":51}},"7":{"start":{"line":24,"column":21},"end":{"line":24,"column":29}},"8":{"start":{"line":26,"column":20},"end":{"line":44,"column":3}},"9":{"start":{"line":27,"column":4},"end":{"line":43,"column":5}},"10":{"start":{"line":28,"column":6},"end":{"line":34,"column":8}},"11":{"start":{"line":36,"column":6},"end":{"line":42,"column":8}},"12":{"start":{"line":46,"column":17},"end":{"line":46,"column":28}},"13":{"start":{"line":47,"column":25},"end":{"line":47,"column":56}},"14":{"start":{"line":48,"column":29},"end":{"line":48,"column":51}},"15":{"start":{"line":49,"column":22},"end":{"line":49,"column":55}},"16":{"start":{"line":51,"column":27},"end":{"line":63,"column":3}},"17":{"start":{"line":52,"column":4},"end":{"line":62,"column":5}},"18":{"start":{"line":53,"column":6},"end":{"line":53,"column":25}},"19":{"start":{"line":54,"column":6},"end":{"line":54,"column":27}},"20":{"start":{"line":55,"column":6},"end":{"line":61,"column":7}},"21":{"start":{"line":56,"column":21},"end":{"line":56,"column":62}},"22":{"start":{"line":57,"column":8},"end":{"line":60,"column":11}},"23":{"start":{"line":65,"column":27},"end":{"line":68,"column":3}},"24":{"start":{"line":66,"column":4},"end":{"line":66,"column":24}},"25":{"start":{"line":67,"column":4},"end":{"line":67,"column":26}},"26":{"start":{"line":71,"column":22},"end":{"line":77,"column":3}},"27":{"start":{"line":72,"column":4},"end":{"line":72,"column":23}},"28":{"start":{"line":73,"column":4},"end":{"line":73,"column":24}},"29":{"start":{"line":74,"column":4},"end":{"line":76,"column":5}},"30":{"start":{"line":75,"column":6},"end":{"line":75,"column":17}},"31":{"start":{"line":79,"column":25},"end":{"line":100,"column":null}},"32":{"start":{"line":103,"column":2},"end":{"line":142,"column":4}},"33":{"start":{"line":12,"column":13},"end":{"line":12,"column":57}}},"fnMap":{"0":{"name":"(anonymous_9)","decl":{"start":{"line":12,"column":57},"end":{"line":12,"column":58}},"loc":{"start":{"line":18,"column":5},"end":{"line":143,"column":1}}},"1":{"name":"(anonymous_10)","decl":{"start":{"line":26,"column":20},"end":{"line":26,"column":23}},"loc":{"start":{"line":26,"column":25},"end":{"line":44,"column":3}}},"2":{"name":"(anonymous_11)","decl":{"start":{"line":51,"column":27},"end":{"line":51,"column":30}},"loc":{"start":{"line":51,"column":32},"end":{"line":63,"column":3}}},"3":{"name":"(anonymous_12)","decl":{"start":{"line":65,"column":27},"end":{"line":65,"column":30}},"loc":{"start":{"line":65,"column":32},"end":{"line":68,"column":3}}},"4":{"name":"(anonymous_13)","decl":{"start":{"line":71,"column":22},"end":{"line":71,"column":23}},"loc":{"start":{"line":71,"column":65},"end":{"line":77,"column":3}}}},"branchMap":{"0":{"loc":{"start":{"line":15,"column":2},"end":{"line":15,"column":11}},"type":"default-arg","locations":[{"start":{"line":15,"column":9},"end":{"line":15,"column":11}}]},"1":{"loc":{"start":{"line":16,"column":2},"end":{"line":16,"column":16}},"type":"default-arg","locations":[{"start":{"line":16,"column":14},"end":{"line":16,"column":16}}]},"2":{"loc":{"start":{"line":17,"column":2},"end":{"line":17,"column":18}},"type":"default-arg","locations":[{"start":{"line":17,"column":13},"end":{"line":17,"column":18}}]},"3":{"loc":{"start":{"line":27,"column":4},"end":{"line":43,"column":5}},"type":"if","locations":[{"start":{"line":27,"column":4},"end":{"line":43,"column":5}},{"start":{"line":35,"column":11},"end":{"line":43,"column":5}}]},"4":{"loc":{"start":{"line":47,"column":25},"end":{"line":47,"column":56}},"type":"cond-expr","locations":[{"start":{"line":47,"column":36},"end":{"line":47,"column":45}},{"start":{"line":47,"column":48},"end":{"line":47,"column":56}}]},"5":{"loc":{"start":{"line":48,"column":29},"end":{"line":48,"column":51}},"type":"binary-expr","locations":[{"start":{"line":48,"column":29},"end":{"line":48,"column":38}},{"start":{"line":48,"column":42},"end":{"line":48,"column":51}}]},"6":{"loc":{"start":{"line":49,"column":22},"end":{"line":49,"column":55}},"type":"cond-expr","locations":[{"start":{"line":49,"column":33},"end":{"line":49,"column":44}},{"start":{"line":49,"column":47},"end":{"line":49,"column":55}}]},"7":{"loc":{"start":{"line":52,"column":4},"end":{"line":62,"column":5}},"type":"if","locations":[{"start":{"line":52,"column":4},"end":{"line":62,"column":5}},{"start":{},"end":{}}]},"8":{"loc":{"start":{"line":55,"column":6},"end":{"line":61,"column":7}},"type":"if","locations":[{"start":{"line":55,"column":6},"end":{"line":61,"column":7}},{"start":{},"end":{}}]},"9":{"loc":{"start":{"line":74,"column":4},"end":{"line":76,"column":5}},"type":"if","locations":[{"start":{"line":74,"column":4},"end":{"line":76,"column":5}},{"start":{},"end":{}}]},"10":{"loc":{"start":{"line":79,"column":25},"end":{"line":100,"column":null}},"type":"binary-expr","locations":[{"start":{"line":79,"column":25},"end":{"line":79,"column":36}},{"start":{"line":79,"column":40},"end":{"line":79,"column":49}},{"start":{"line":79,"column":53},"end":{"line":100,"column":null}}]},"11":{"loc":{"start":{"line":115,"column":12},"end":{"line":115,"column":73}},"type":"cond-expr","locations":[{"start":{"line":115,"column":23},"end":{"line":115,"column":54}},{"start":{"line":115,"column":57},"end":{"line":115,"column":73}}]},"12":{"loc":{"start":{"line":121,"column":31},"end":{"line":121,"column":86}},"type":"cond-expr","locations":[{"start":{"line":121,"column":52},"end":{"line":121,"column":70}},{"start":{"line":121,"column":73},"end":{"line":121,"column":86}}]},"13":{"loc":{"start":{"line":122,"column":27},"end":{"line":122,"column":74}},"type":"cond-expr","locations":[{"start":{"line":122,"column":48},"end":{"line":122,"column":62}},{"start":{"line":122,"column":65},"end":{"line":122,"column":74}}]},"14":{"loc":{"start":{"line":124,"column":20},"end":{"line":124,"column":53}},"type":"cond-expr","locations":[{"start":{"line":124,"column":31},"end":{"line":124,"column":42}},{"start":{"line":124,"column":45},"end":{"line":124,"column":53}}]},"15":{"loc":{"start":{"line":134,"column":29},"end":{"line":134,"column":61}},"type":"cond-expr","locations":[{"start":{"line":134,"column":40},"end":{"line":134,"column":49}},{"start":{"line":134,"column":52},"end":{"line":134,"column":61}}]},"16":{"loc":{"start":{"line":135,"column":23},"end":{"line":135,"column":70}},"type":"cond-expr","locations":[{"start":{"line":135,"column":34},"end":{"line":135,"column":61}},{"start":{"line":135,"column":64},"end":{"line":135,"column":70}}]},"17":{"loc":{"start":{"line":136,"column":23},"end":{"line":136,"column":76}},"type":"cond-expr","locations":[{"start":{"line":136,"column":48},"end":{"line":136,"column":61}},{"start":{"line":136,"column":64},"end":{"line":136,"column":76}}]},"18":{"loc":{"start":{"line":136,"column":23},"end":{"line":136,"column":45}},"type":"binary-expr","locations":[{"start":{"line":136,"column":23},"end":{"line":136,"column":32}},{"start":{"line":136,"column":36},"end":{"line":136,"column":45}}]}},"s":{"0":2,"1":2,"2":2,"3":15,"4":15,"5":15,"6":15,"7":15,"8":15,"9":15,"10":7,"11":8,"12":15,"13":15,"14":15,"15":15,"16":15,"17":0,"18":0,"19":0,"20":0,"21":0,"22":0,"23":15,"24":0,"25":0,"26":15,"27":1,"28":1,"29":1,"30":1,"31":15,"32":15,"33":2},"f":{"0":15,"1":15,"2":0,"3":0,"4":1},"b":{"0":[4],"1":[15],"2":[13],"3":[7,8],"4":[7,8],"5":[15,13],"6":[7,8],"7":[0,0],"8":[0,0],"9":[1,0],"10":[15,0,0],"11":[2,13],"12":[0,15],"13":[0,15],"14":[7,8],"15":[7,8],"16":[7,8],"17":[0,15],"18":[15,0]}}
,"C:\\Users\\Clara Carvalho\\Desktop\\Desafio unimade\\frontend\\src\\components\\atoms\\Typography\\Typography.tsx": {"path":"C:\\Users\\Clara Carvalho\\Desktop\\Desafio unimade\\frontend\\src\\components\\atoms\\Typography\\Typography.tsx","statementMap":{"0":{"start":{"line":1,"column":0},"end":{"line":1,"column":26}},"1":{"start":{"line":16,"column":53},"end":{"line":76,"column":1}},"2":{"start":{"line":25,"column":24},"end":{"line":34,"column":4}},"3":{"start":{"line":36,"column":22},"end":{"line":44,"column":4}},"4":{"start":{"line":46,"column":22},"end":{"line":50,"column":4}},"5":{"start":{"line":52,"column":23},"end":{"line":58,"column":4}},"6":{"start":{"line":60,"column":22},"end":{"line":60,"column":56}},"7":{"start":{"line":62,"column":2},"end":{"line":75,"column":4}},"8":{"start":{"line":16,"column":13},"end":{"line":16,"column":53}},"9":{"start":{"line":78,"column":0},"end":{"line":78,"column":26}}},"fnMap":{"0":{"name":"(anonymous_1)","decl":{"start":{"line":16,"column":53},"end":{"line":16,"column":54}},"loc":{"start":{"line":24,"column":5},"end":{"line":76,"column":1}}}},"branchMap":{"0":{"loc":{"start":{"line":17,"column":2},"end":{"line":17,"column":18}},"type":"default-arg","locations":[{"start":{"line":17,"column":12},"end":{"line":17,"column":18}}]},"1":{"loc":{"start":{"line":18,"column":2},"end":{"line":18,"column":19}},"type":"default-arg","locations":[{"start":{"line":18,"column":10},"end":{"line":18,"column":19}}]},"2":{"loc":{"start":{"line":19,"column":2},"end":{"line":19,"column":16}},"type":"default-arg","locations":[{"start":{"line":19,"column":14},"end":{"line":19,"column":16}}]},"3":{"loc":{"start":{"line":21,"column":6},"end":{"line":21,"column":24}},"type":"default-arg","locations":[{"start":{"line":21,"column":18},"end":{"line":21,"column":24}}]},"4":{"loc":{"start":{"line":22,"column":2},"end":{"line":22,"column":16}},"type":"default-arg","locations":[{"start":{"line":22,"column":10},"end":{"line":22,"column":16}}]},"5":{"loc":{"start":{"line":60,"column":22},"end":{"line":60,"column":56}},"type":"cond-expr","locations":[{"start":{"line":60,"column":31},"end":{"line":60,"column":51}},{"start":{"line":60,"column":54},"end":{"line":60,"column":56}}]}},"s":{"0":2,"1":2,"2":92,"3":92,"4":92,"5":92,"6":92,"7":92,"8":2,"9":2},"f":{"0":92},"b":{"0":[0],"1":[0],"2":[0],"3":[92],"4":[92],"5":[0,92]}}
,"C:\\Users\\Clara Carvalho\\Desktop\\Desafio unimade\\frontend\\src\\components\\molecules\\BulkActions\\BulkActions.tsx": {"path":"C:\\Users\\Clara Carvalho\\Desktop\\Desafio unimade\\frontend\\src\\components\\molecules\\BulkActions\\BulkActions.tsx","statementMap":{"0":{"start":{"line":1,"column":0},"end":{"line":1,"column":26}},"1":{"start":{"line":2,"column":0},"end":{"line":2,"column":69}},"2":{"start":{"line":3,"column":0},"end":{"line":3,"column":69}},"3":{"start":{"line":13,"column":55},"end":{"line":99,"column":1}},"4":{"start":{"line":20,"column":23},"end":{"line":20,"column":40}},"5":{"start":{"line":22,"column":2},"end":{"line":98,"column":4}},"6":{"start":{"line":13,"column":13},"end":{"line":13,"column":55}}},"fnMap":{"0":{"name":"(anonymous_1)","decl":{"start":{"line":13,"column":55},"end":{"line":13,"column":56}},"loc":{"start":{"line":19,"column":5},"end":{"line":99,"column":1}}},"1":{"name":"(anonymous_2)","decl":{"start":{"line":75,"column":54},"end":{"line":75,"column":57}},"loc":{"start":{"line":75,"column":59},"end":{"line":75,"column":62}}}},"branchMap":{"0":{"loc":{"start":{"line":18,"column":2},"end":{"line":18,"column":16}},"type":"default-arg","locations":[{"start":{"line":18,"column":14},"end":{"line":18,"column":16}}]},"1":{"loc":{"start":{"line":32,"column":10},"end":{"line":32,"column":59}},"type":"cond-expr","locations":[{"start":{"line":32,"column":25},"end":{"line":32,"column":41}},{"start":{"line":32,"column":44},"end":{"line":32,"column":59}}]},"2":{"loc":{"start":{"line":34,"column":9},"end":{"line":36,"column":32}},"type":"cond-expr","locations":[{"start":{"line":35,"column":12},"end":{"line":35,"column":86}},{"start":{"line":36,"column":12},"end":{"line":36,"column":32}}]},"3":{"loc":{"start":{"line":35,"column":32},"end":{"line":35,"column":84}},"type":"cond-expr","locations":[{"start":{"line":35,"column":54},"end":{"line":35,"column":67}},{"start":{"line":35,"column":70},"end":{"line":35,"column":84}}]},"4":{"loc":{"start":{"line":43,"column":17},"end":{"line":43,"column":62}},"type":"cond-expr","locations":[{"start":{"line":43,"column":32},"end":{"line":43,"column":50}},{"start":{"line":43,"column":53},"end":{"line":43,"column":62}}]},"5":{"loc":{"start":{"line":46,"column":12},"end":{"line":48,"column":45}},"type":"cond-expr","locations":[{"start":{"line":47,"column":14},"end":{"line":47,"column":82}},{"start":{"line":48,"column":14},"end":{"line":48,"column":45}}]},"6":{"loc":{"start":{"line":50,"column":15},"end":{"line":50,"column":92}},"type":"cond-expr","locations":[{"start":{"line":50,"column":30},"end":{"line":50,"column":54}},{"start":{"line":50,"column":57},"end":{"line":50,"column":92}}]},"7":{"loc":{"start":{"line":55,"column":21},"end":{"line":55,"column":54}},"type":"cond-expr","locations":[{"start":{"line":55,"column":37},"end":{"line":55,"column":49}},{"start":{"line":55,"column":52},"end":{"line":55,"column":54}}]},"8":{"loc":{"start":{"line":59,"column":12},"end":{"line":59,"column":61}},"type":"cond-expr","locations":[{"start":{"line":59,"column":27},"end":{"line":59,"column":43}},{"start":{"line":59,"column":46},"end":{"line":59,"column":61}}]},"9":{"loc":{"start":{"line":70,"column":10},"end":{"line":70,"column":43}},"type":"cond-expr","locations":[{"start":{"line":70,"column":26},"end":{"line":70,"column":38}},{"start":{"line":70,"column":41},"end":{"line":70,"column":43}}]},"10":{"loc":{"start":{"line":75,"column":20},"end":{"line":75,"column":62}},"type":"cond-expr","locations":[{"start":{"line":75,"column":35},"end":{"line":75,"column":51}},{"start":{"line":75,"column":54},"end":{"line":75,"column":62}}]},"11":{"loc":{"start":{"line":90,"column":12},"end":{"line":92,"column":48}},"type":"cond-expr","locations":[{"start":{"line":91,"column":14},"end":{"line":91,"column":79}},{"start":{"line":92,"column":14},"end":{"line":92,"column":48}}]}},"s":{"0":1,"1":1,"2":1,"3":1,"4":1,"5":1,"6":1},"f":{"0":1,"1":0},"b":{"0":[1],"1":[0,1],"2":[0,1],"3":[0,0],"4":[0,1],"5":[0,1],"6":[0,1],"7":[1,0],"8":[0,1],"9":[1,0],"10":[0,1],"11":[0,1]}}
,"C:\\Users\\Clara Carvalho\\Desktop\\Desafio unimade\\frontend\\src\\components\\molecules\\ContatoActions\\ContatoActions.tsx": {"path":"C:\\Users\\Clara Carvalho\\Desktop\\Desafio unimade\\frontend\\src\\components\\molecules\\ContatoActions\\ContatoActions.tsx","statementMap":{"0":{"start":{"line":1,"column":0},"end":{"line":1,"column":26}},"1":{"start":{"line":3,"column":0},"end":{"line":3,"column":51}},"2":{"start":{"line":4,"column":0},"end":{"line":4,"column":63}},"3":{"start":{"line":5,"column":0},"end":{"line":5,"column":69}},"4":{"start":{"line":14,"column":61},"end":{"line":47,"column":1}},"5":{"start":{"line":20,"column":2},"end":{"line":46,"column":4}},"6":{"start":{"line":14,"column":13},"end":{"line":14,"column":61}}},"fnMap":{"0":{"name":"(anonymous_1)","decl":{"start":{"line":14,"column":61},"end":{"line":14,"column":62}},"loc":{"start":{"line":19,"column":5},"end":{"line":47,"column":1}}}},"branchMap":{"0":{"loc":{"start":{"line":42,"column":11},"end":{"line":42,"column":90}},"type":"cond-expr","locations":[{"start":{"line":42,"column":23},"end":{"line":42,"column":38}},{"start":{"line":42,"column":42},"end":{"line":42,"column":89}}]},"1":{"loc":{"start":{"line":42,"column":42},"end":{"line":42,"column":89}},"type":"cond-expr","locations":[{"start":{"line":42,"column":61},"end":{"line":42,"column":75}},{"start":{"line":42,"column":78},"end":{"line":42,"column":89}}]}},"s":{"0":1,"1":1,"2":1,"3":1,"4":1,"5":0,"6":1},"f":{"0":0},"b":{"0":[0,0],"1":[0,0]}}
,"C:\\Users\\Clara Carvalho\\Desktop\\Desafio unimade\\frontend\\src\\components\\molecules\\ContatoEditFoote\\ContatoEditFooter.tsx": {"path":"C:\\Users\\Clara Carvalho\\Desktop\\Desafio unimade\\frontend\\src\\components\\molecules\\ContatoEditFoote\\ContatoEditFooter.tsx","statementMap":{"0":{"start":{"line":1,"column":0},"end":{"line":1,"column":26}},"1":{"start":{"line":2,"column":0},"end":{"line":2,"column":59}},"2":{"start":{"line":3,"column":0},"end":{"line":3,"column":61}},"3":{"start":{"line":11,"column":67},"end":{"line":35,"column":1}},"4":{"start":{"line":16,"column":2},"end":{"line":34,"column":4}},"5":{"start":{"line":11,"column":13},"end":{"line":11,"column":67}}},"fnMap":{"0":{"name":"(anonymous_1)","decl":{"start":{"line":11,"column":67},"end":{"line":11,"column":68}},"loc":{"start":{"line":15,"column":5},"end":{"line":35,"column":1}}}},"branchMap":{"0":{"loc":{"start":{"line":14,"column":2},"end":{"line":14,"column":22}},"type":"default-arg","locations":[{"start":{"line":14,"column":17},"end":{"line":14,"column":22}}]},"1":{"loc":{"start":{"line":31,"column":9},"end":{"line":31,"column":48}},"type":"cond-expr","locations":[{"start":{"line":31,"column":24},"end":{"line":31,"column":37}},{"start":{"line":31,"column":40},"end":{"line":31,"column":48}}]}},"s":{"0":1,"1":1,"2":1,"3":1,"4":0,"5":1},"f":{"0":0},"b":{"0":[0],"1":[0,0]}}
,"C:\\Users\\Clara Carvalho\\Desktop\\Desafio unimade\\frontend\\src\\components\\molecules\\ContatoHeader\\ContatoHeader.tsx": {"path":"C:\\Users\\Clara Carvalho\\Desktop\\Desafio unimade\\frontend\\src\\components\\molecules\\ContatoHeader\\ContatoHeader.tsx","statementMap":{"0":{"start":{"line":1,"column":0},"end":{"line":1,"column":26}},"1":{"start":{"line":3,"column":0},"end":{"line":3,"column":69}},"2":{"start":{"line":4,"column":0},"end":{"line":4,"column":63}},"3":{"start":{"line":12,"column":59},"end":{"line":62,"column":1}},"4":{"start":{"line":17,"column":2},"end":{"line":61,"column":4}},"5":{"start":{"line":12,"column":13},"end":{"line":12,"column":59}}},"fnMap":{"0":{"name":"(anonymous_1)","decl":{"start":{"line":12,"column":59},"end":{"line":12,"column":60}},"loc":{"start":{"line":16,"column":5},"end":{"line":62,"column":1}}}},"branchMap":{"0":{"loc":{"start":{"line":33,"column":16},"end":{"line":35,"column":null}},"type":"cond-expr","locations":[{"start":{"line":34,"column":18},"end":{"line":34,"column":47}},{"start":{"line":35,"column":18},"end":{"line":35,"column":null}}]},"1":{"loc":{"start":{"line":38,"column":15},"end":{"line":38,"column":69}},"type":"cond-expr","locations":[{"start":{"line":38,"column":44},"end":{"line":38,"column":54}},{"start":{"line":38,"column":57},"end":{"line":38,"column":69}}]},"2":{"loc":{"start":{"line":40,"column":13},"end":{"line":43,"column":null}},"type":"binary-expr","locations":[{"start":{"line":40,"column":13},"end":{"line":40,"column":29}},{"start":{"line":41,"column":14},"end":{"line":41,"column":null}}]},"3":{"loc":{"start":{"line":51,"column":11},"end":{"line":51,"column":59}},"type":"cond-expr","locations":[{"start":{"line":51,"column":40},"end":{"line":51,"column":47}},{"start":{"line":51,"column":50},"end":{"line":51,"column":59}}]}},"s":{"0":1,"1":1,"2":1,"3":1,"4":0,"5":1},"f":{"0":0},"b":{"0":[0,0],"1":[0,0],"2":[0,0],"3":[0,0]}}
,"C:\\Users\\Clara Carvalho\\Desktop\\Desafio unimade\\frontend\\src\\components\\molecules\\ContatoInfoCard\\ContatoInfoCard.tsx": {"path":"C:\\Users\\Clara Carvalho\\Desktop\\Desafio unimade\\frontend\\src\\components\\molecules\\ContatoInfoCard\\ContatoInfoCard.tsx","statementMap":{"0":{"start":{"line":3,"column":0},"end":{"line":3,"column":26}},"1":{"start":{"line":4,"column":0},"end":{"line":4,"column":66}},"2":{"start":{"line":5,"column":0},"end":{"line":5,"column":63}},"3":{"start":{"line":14,"column":63},"end":{"line":35,"column":1}},"4":{"start":{"line":20,"column":2},"end":{"line":34,"column":4}},"5":{"start":{"line":14,"column":13},"end":{"line":14,"column":63}}},"fnMap":{"0":{"name":"(anonymous_1)","decl":{"start":{"line":14,"column":63},"end":{"line":14,"column":64}},"loc":{"start":{"line":19,"column":5},"end":{"line":35,"column":1}}}},"branchMap":{"0":{"loc":{"start":{"line":18,"column":2},"end":{"line":18,"column":23}},"type":"default-arg","locations":[{"start":{"line":18,"column":14},"end":{"line":18,"column":23}}]}},"s":{"0":1,"1":1,"2":1,"3":1,"4":0,"5":1},"f":{"0":0},"b":{"0":[0]}}
,"C:\\Users\\Clara Carvalho\\Desktop\\Desafio unimade\\frontend\\src\\components\\molecules\\ContatoRow\\ContatoRow.tsx": {"path":"C:\\Users\\Clara Carvalho\\Desktop\\Desafio unimade\\frontend\\src\\components\\molecules\\ContatoRow\\ContatoRow.tsx","statementMap":{"0":{"start":{"line":1,"column":0},"end":{"line":1,"column":26}},"1":{"start":{"line":3,"column":0},"end":{"line":3,"column":51}},"2":{"start":{"line":11,"column":53},"end":{"line":46,"column":1}},"3":{"start":{"line":16,"column":2},"end":{"line":45,"column":4}},"4":{"start":{"line":18,"column":27},"end":{"line":18,"column":46}},"5":{"start":{"line":22,"column":26},"end":{"line":22,"column":43}},"6":{"start":{"line":11,"column":13},"end":{"line":11,"column":53}}},"fnMap":{"0":{"name":"(anonymous_1)","decl":{"start":{"line":11,"column":53},"end":{"line":11,"column":54}},"loc":{"start":{"line":15,"column":5},"end":{"line":46,"column":1}}},"1":{"name":"(anonymous_2)","decl":{"start":{"line":18,"column":20},"end":{"line":18,"column":21}},"loc":{"start":{"line":18,"column":27},"end":{"line":18,"column":46}}},"2":{"name":"(anonymous_3)","decl":{"start":{"line":22,"column":20},"end":{"line":22,"column":23}},"loc":{"start":{"line":22,"column":26},"end":{"line":22,"column":43}}}},"branchMap":{"0":{"loc":{"start":{"line":33,"column":14},"end":{"line":33,"column":74}},"type":"cond-expr","locations":[{"start":{"line":33,"column":40},"end":{"line":33,"column":56}},{"start":{"line":33,"column":59},"end":{"line":33,"column":74}}]},"1":{"loc":{"start":{"line":35,"column":13},"end":{"line":35,"column":58}},"type":"cond-expr","locations":[{"start":{"line":35,"column":39},"end":{"line":35,"column":46}},{"start":{"line":35,"column":49},"end":{"line":35,"column":58}}]},"2":{"loc":{"start":{"line":37,"column":11},"end":{"line":40,"column":null}},"type":"binary-expr","locations":[{"start":{"line":37,"column":11},"end":{"line":37,"column":24}},{"start":{"line":38,"column":12},"end":{"line":38,"column":null}}]}},"s":{"0":1,"1":1,"2":1,"3":10,"4":0,"5":0,"6":1},"f":{"0":10,"1":0,"2":0},"b":{"0":[5,5],"1":[5,5],"2":[10,8]}}
,"C:\\Users\\Clara Carvalho\\Desktop\\Desafio unimade\\frontend\\src\\components\\molecules\\ContatoTableActions\\ContatoTableActions.tsx": {"path":"C:\\Users\\Clara Carvalho\\Desktop\\Desafio unimade\\frontend\\src\\components\\molecules\\ContatoTableActions\\ContatoTableActions.tsx","statementMap":{"0":{"start":{"line":1,"column":0},"end":{"line":1,"column":26}},"1":{"start":{"line":3,"column":0},"end":{"line":3,"column":69}},"2":{"start":{"line":4,"column":0},"end":{"line":4,"column":69}},"3":{"start":{"line":12,"column":71},"end":{"line":47,"column":1}},"4":{"start":{"line":17,"column":2},"end":{"line":46,"column":4}},"5":{"start":{"line":21,"column":10},"end":{"line":21,"column":30}},"6":{"start":{"line":22,"column":10},"end":{"line":22,"column":31}},"7":{"start":{"line":34,"column":10},"end":{"line":34,"column":30}},"8":{"start":{"line":35,"column":10},"end":{"line":35,"column":29}},"9":{"start":{"line":42,"column":26},"end":{"line":42,"column":49}},"10":{"start":{"line":12,"column":13},"end":{"line":12,"column":71}}},"fnMap":{"0":{"name":"(anonymous_1)","decl":{"start":{"line":12,"column":71},"end":{"line":12,"column":72}},"loc":{"start":{"line":16,"column":5},"end":{"line":47,"column":1}}},"1":{"name":"(anonymous_2)","decl":{"start":{"line":20,"column":17},"end":{"line":20,"column":18}},"loc":{"start":{"line":20,"column":23},"end":{"line":23,"column":9}}},"2":{"name":"(anonymous_3)","decl":{"start":{"line":33,"column":17},"end":{"line":33,"column":18}},"loc":{"start":{"line":33,"column":23},"end":{"line":36,"column":9}}},"3":{"name":"(anonymous_4)","decl":{"start":{"line":42,"column":20},"end":{"line":42,"column":23}},"loc":{"start":{"line":42,"column":26},"end":{"line":42,"column":49}}}},"branchMap":{},"s":{"0":1,"1":1,"2":1,"3":1,"4":10,"5":0,"6":0,"7":0,"8":0,"9":0,"10":1},"f":{"0":10,"1":0,"2":0,"3":0},"b":{}}
[...]
,"C:\\Users\\Clara Carvalho\\Desktop\\Desafio unimade\\frontend\\src\\pages\\Contatos\\Contatos.tsx": {"path":"C:\\Users\\Clara Carvalho\\Desktop\\Desafio unimade\\frontend\\src\\pages\\Contatos\\Contatos.tsx","statementMap":{"0":{"start":{"line":1,"column":0},"end":{"line":1,"column":26}},"1":{"start":{"line":2,"column":0},"end":{"line":2,"column":62}},"2":{"start":{"line":3,"column":0},"end":{"line":3,"column":75}},"3":{"start":{"line":4,"column":0},"end":{"line":4,"column":84}},"4":{"start":{"line":5,"column":0},"end":{"line":5,"column":90}},"5":{"start":{"line":6,"column":0},"end":{"line":6,"column":90}},"6":{"start":{"line":7,"column":0},"end":{"line":7,"column":90}},"7":{"start":{"line":8,"column":0},"end":{"line":8,"column":96}},"8":{"start":{"line":10,"column":34},"end":{"line":121,"column":1}},"9":{"start":{"line":29,"column":6},"end":{"line":29,"column":23}},"10":{"start":{"line":31,"column":2},"end":{"line":38,"column":3}},"11":{"start":{"line":32,"column":4},"end":{"line":37,"column":6}},"12":{"start":{"line":40,"column":2},"end":{"line":52,"column":3}},"13":{"start":{"line":41,"column":4},"end":{"line":51,"column":6}},"14":{"start":{"line":45,"column":25},"end":{"line":45,"column":49}},"15":{"start":{"line":54,"column":2},"end":{"line":120,"column":4}},"16":{"start":{"line":10,"column":13},"end":{"line":10,"column":34}}},"fnMap":{"0":{"name":"(anonymous_1)","decl":{"start":{"line":10,"column":34},"end":{"line":10,"column":37}},"loc":{"start":{"line":10,"column":39},"end":{"line":121,"column":1}}},"1":{"name":"(anonymous_2)","decl":{"start":{"line":45,"column":19},"end":{"line":45,"column":22}},"loc":{"start":{"line":45,"column":25},"end":{"line":45,"column":49}}}},"branchMap":{"0":{"loc":{"start":{"line":31,"column":2},"end":{"line":38,"column":3}},"type":"if","locations":[{"start":{"line":31,"column":2},"end":{"line":38,"column":3}},{"start":{},"end":{}}]},"1":{"loc":{"start":{"line":31,"column":6},"end":{"line":31,"column":40}},"type":"binary-expr","locations":[{"start":{"line":31,"column":6},"end":{"line":31,"column":15}},{"start":{"line":31,"column":19},"end":{"line":31,"column":40}}]},"2":{"loc":{"start":{"line":40,"column":2},"end":{"line":52,"column":3}},"type":"if","locations":[{"start":{"line":40,"column":2},"end":{"line":52,"column":3}},{"start":{},"end":{}}]},"3":{"loc":{"start":{"line":69,"column":9},"end":{"line":80,"column":null}},"type":"binary-expr","locations":[{"start":{"line":69,"column":9},"end":{"line":69,"column":29}},{"start":{"line":70,"column":10},"end":{"line":79,"column":null}}]},"4":{"loc":{"start":{"line":97,"column":7},"end":{"line":107,"column":null}},"type":"binary-expr","locations":[{"start":{"line":97,"column":7},"end":{"line":97,"column":30}},{"start":{"line":97,"column":34},"end":{"line":97,"column":49}},{"start":{"line":98,"column":8},"end":{"line":106,"column":null}}]},"5":{"loc":{"start":{"line":111,"column":7},"end":{"line":117,"column":null}},"type":"binary-expr","locations":[{"start":{"line":111,"column":7},"end":{"line":111,"column":29}},{"start":{"line":111,"column":33},"end":{"line":111,"column":48}},{"start":{"line":112,"column":8},"end":{"line":116,"column":null}}]}},"s":{"0":1,"1":1,"2":1,"3":1,"4":1,"5":1,"6":1,"7":1,"8":1,"9":3,"10":3,"11":1,"12":2,"13":0,"14":0,"15":2,"16":1},"f":{"0":3,"1":0},"b":{"0":[1,2],"1":[3,1],"2":[0,2],"3":[2,2],"4":[2,0,0],"5":[2,0,0]}}
,"C:\\Users\\Clara Carvalho\\Desktop\\Desafio unimade\\frontend\\src\\services\\contatoService.ts": {"path":"C:\\Users\\Clara Carvalho\\Desktop\\Desafio unimade\\frontend\\src\\services\\contatoService.ts","statementMap":{"0":{"start":{"line":3,"column":0},"end":{"line":3,"column":47}},"1":{"start":{"line":11,"column":4},"end":{"line":17,"column":5}},"2":{"start":{"line":12,"column":23},"end":{"line":12,"column":54}},"3":{"start":{"line":13,"column":6},"end":{"line":13,"column":22}},"4":{"start":{"line":15,"column":6},"end":{"line":15,"column":55}},"5":{"start":{"line":16,"column":6},"end":{"line":16,"column":18}},"6":{"start":{"line":24,"column":4},"end":{"line":30,"column":5}},"7":{"start":{"line":25,"column":22},"end":{"line":25,"column":54}},"8":{"start":{"line":26,"column":6},"end":{"line":26,"column":21}},"9":{"start":{"line":28,"column":6},"end":{"line":28,"column":60}},"10":{"start":{"line":29,"column":6},"end":{"line":29,"column":18}},"11":{"start":{"line":37,"column":4},"end":{"line":46,"column":5}},"12":{"start":{"line":39,"column":6},"end":{"line":39,"column":30}},"13":{"start":{"line":41,"column":22},"end":{"line":41,"column":50}},"14":{"start":{"line":42,"column":6},"end":{"line":42,"column":21}},"15":{"start":{"line":44,"column":6},"end":{"line":44,"column":53}},"16":{"start":{"line":45,"column":6},"end":{"line":45,"column":18}},"17":{"start":{"line":53,"column":4},"end":{"line":59,"column":5}},"18":{"start":{"line":54,"column":22},"end":{"line":54,"column":58}},"19":{"start":{"line":55,"column":6},"end":{"line":55,"column":21}},"20":{"start":{"line":57,"column":6},"end":{"line":57,"column":63}},"21":{"start":{"line":58,"column":6},"end":{"line":58,"column":18}},"22":{"start":{"line":66,"column":4},"end":{"line":72,"column":5}},"23":{"start":{"line":67,"column":22},"end":{"line":67,"column":52}},"24":{"start":{"line":68,"column":6},"end":{"line":68,"column":21}},"25":{"start":{"line":70,"column":6},"end":{"line":70,"column":63}},"26":{"start":{"line":71,"column":6},"end":{"line":71,"column":18}},"27":{"start":{"line":79,"column":4},"end":{"line":84,"column":5}},"28":{"start":{"line":80,"column":6},"end":{"line":80,"column":36}},"29":{"start":{"line":82,"column":6},"end":{"line":82,"column":62}},"30":{"start":{"line":83,"column":6},"end":{"line":83,"column":18}},"31":{"start":{"line":91,"column":4},"end":{"line":96,"column":5}},"32":{"start":{"line":92,"column":6},"end":{"line":92,"column":34}},"33":{"start":{"line":94,"column":6},"end":{"line":94,"column":60}},"34":{"start":{"line":95,"column":6},"end":{"line":95,"column":18}},"35":{"start":{"line":103,"column":4},"end":{"line":109,"column":5}},"36":{"start":{"line":104,"column":24},"end":{"line":104,"column":58}},"37":{"start":{"line":105,"column":6},"end":{"line":105,"column":23}},"38":{"start":{"line":107,"column":6},"end":{"line":107,"column":56}},"39":{"start":{"line":108,"column":6},"end":{"line":108,"column":18}},"40":{"start":{"line":116,"column":4},"end":{"line":118,"column":5}},"41":{"start":{"line":117,"column":6},"end":{"line":117,"column":63}},"42":{"start":{"line":119,"column":4},"end":{"line":121,"column":5}},"43":{"start":{"line":120,"column":6},"end":{"line":120,"column":40}},"44":{"start":{"line":122,"column":4},"end":{"line":124,"column":5}},"45":{"start":{"line":123,"column":6},"end":{"line":123,"column":64}},"46":{"start":{"line":131,"column":23},"end":{"line":131,"column":51}},"47":{"start":{"line":132,"column":4},"end":{"line":132,"column":34}},"48":{"start":{"line":136,"column":0},"end":{"line":136,"column":36}}},"fnMap":{"0":{"name":"(anonymous_0)","decl":{"start":{"line":10,"column":2},"end":{"line":10,"column":7}},"loc":{"start":{"line":10,"column":30},"end":{"line":18,"column":3}}},"1":{"name":"(anonymous_1)","decl":{"start":{"line":23,"column":2},"end":{"line":23,"column":7}},"loc":{"start":{"line":23,"column":30},"end":{"line":31,"column":3}}},"2":{"name":"(anonymous_2)","decl":{"start":{"line":36,"column":2},"end":{"line":36,"column":7}},"loc":{"start":{"line":36,"column":35},"end":{"line":47,"column":3}}},"3":{"name":"(anonymous_3)","decl":{"start":{"line":52,"column":2},"end":{"line":52,"column":7}},"loc":{"start":{"line":52,"column":55},"end":{"line":60,"column":3}}},"4":{"name":"(anonymous_4)","decl":{"start":{"line":65,"column":2},"end":{"line":65,"column":7}},"loc":{"start":{"line":65,"column":28},"end":{"line":73,"column":3}}},"5":{"name":"(anonymous_5)","decl":{"start":{"line":78,"column":2},"end":{"line":78,"column":7}},"loc":{"start":{"line":78,"column":27},"end":{"line":85,"column":3}}},"6":{"name":"(anonymous_6)","decl":{"start":{"line":90,"column":2},"end":{"line":90,"column":7}},"loc":{"start":{"line":90,"column":25},"end":{"line":97,"column":3}}},"7":{"name":"(anonymous_7)","decl":{"start":{"line":102,"column":2},"end":{"line":102,"column":7}},"loc":{"start":{"line":102,"column":23},"end":{"line":110,"column":3}}},"8":{"name":"(anonymous_8)","decl":{"start":{"line":115,"column":10},"end":{"line":115,"column":22}},"loc":{"start":{"line":115,"column":44},"end":{"line":125,"column":3}}},"9":{"name":"(anonymous_9)","decl":{"start":{"line":130,"column":10},"end":{"line":130,"column":22}},"loc":{"start":{"line":130,"column":36},"end":{"line":133,"column":3}}}},"branchMap":{"0":{"loc":{"start":{"line":116,"column":4},"end":{"line":118,"column":5}},"type":"if","locations":[{"start":{"line":116,"column":4},"end":{"line":118,"column":5}},{"start":{},"end":{}}]},"1":{"loc":{"start":{"line":116,"column":8},"end":{"line":116,"column":49}},"type":"binary-expr","locations":[{"start":{"line":116,"column":8},"end":{"line":116,"column":18}},{"start":{"line":116,"column":22},"end":{"line":116,"column":49}}]},"2":{"loc":{"start":{"line":119,"column":4},"end":{"line":121,"column":5}},"type":"if","locations":[{"start":{"line":119,"column":4},"end":{"line":121,"column":5}},{"start":{},"end":{}}]},"3":{"loc":{"start":{"line":119,"column":8},"end":{"line":119,"column":53}},"type":"binary-expr","locations":[{"start":{"line":119,"column":8},"end":{"line":119,"column":19}},{"start":{"line":119,"column":23},"end":{"line":119,"column":53}}]},"4":{"loc":{"start":{"line":122,"column":4},"end":{"line":124,"column":5}},"type":"if","locations":[{"start":{"line":122,"column":4},"end":{"line":124,"column":5}},{"start":{},"end":{}}]},"5":{"loc":{"start":{"line":122,"column":8},"end":{"line":122,"column":70}},"type":"binary-expr","locations":[{"start":{"line":122,"column":8},"end":{"line":122,"column":21}},{"start":{"line":122,"column":25},"end":{"line":122,"column":70}}]}},"s":{"0":3,"1":5,"2":5,"3":4,"4":0,"5":0,"6":0,"7":0,"8":0,"9":0,"10":0,"11":0,"12":0,"13":0,"14":0,"15":0,"16":0,"17":0,"18":0,"19":0,"20":0,"21":0,"22":0,"23":0,"24":0,"25":0,"26":0,"27":0,"28":0,"29":0,"30":0,"31":0,"32":0,"33":0,"34":0,"35":0,"36":0,"37":0,"38":0,"39":0,"40":0,"41":0,"42":0,"43":0,"44":0,"45":0,"46":0,"47":0,"48":3},"f":{"0":5,"1":0,"2":0,"3":0,"4":0,"5":0,"6":0,"7":0,"8":0,"9":0},"b":{"0":[0,0],"1":[0,0],"2":[0,0],"3":[0,0],"4":[0,0],"5":[0,0]}}
,"C:\\Users\\Clara Carvalho\\Desktop\\Desafio unimade\\frontend\\src\\utils\\formatters.ts": {"path":"C:\\Users\\Clara Carvalho\\Desktop\\Desafio unimade\\frontend\\src\\utils\\formatters.ts","statementMap":{"0":{"start":{"line":5,"column":13},"end":{"line":67,"column":2}},"1":{"start":{"line":10,"column":14},"end":{"line":10,"column":28}},"2":{"start":{"line":11,"column":4},"end":{"line":11,"column":41}},"3":{"start":{"line":18,"column":14},"end":{"line":18,"column":28}},"4":{"start":{"line":19,"column":4},"end":{"line":19,"column":37}},"5":{"start":{"line":26,"column":20},"end":{"line":26,"column":44}},"6":{"start":{"line":27,"column":4},"end":{"line":29,"column":5}},"7":{"start":{"line":28,"column":6},"end":{"line":28,"column":83}},"8":{"start":{"line":30,"column":4},"end":{"line":30,"column":17}},"9":{"start":{"line":37,"column":20},"end":{"line":37,"column":44}},"10":{"start":{"line":38,"column":4},"end":{"line":40,"column":5}},"11":{"start":{"line":39,"column":6},"end":{"line":39,"column":83}},"12":{"start":{"line":41,"column":4},"end":{"line":41,"column":17}},"13":{"start":{"line":48,"column":20},"end":{"line":48,"column":44}},"14":{"start":{"line":49,"column":4},"end":{"line":51,"column":5}},"15":{"start":{"line":50,"column":6},"end":{"line":50,"column":83}},"16":{"start":{"line":52,"column":4},"end":{"line":54,"column":5}},"17":{"start":{"line":53,"column":6},"end":{"line":53,"column":83}},"18":{"start":{"line":55,"column":4},"end":{"line":55,"column":17}},"19":{"start":{"line":62,"column":4},"end":{"line":65,"column":21}}},"fnMap":{"0":{"name":"(anonymous_0)","decl":{"start":{"line":9,"column":8},"end":{"line":9,"column":9}},"loc":{"start":{"line":9,"column":40},"end":{"line":12,"column":3}}},"1":{"name":"(anonymous_1)","decl":{"start":{"line":17,"column":12},"end":{"line":17,"column":13}},"loc":{"start":{"line":17,"column":44},"end":{"line":20,"column":3}}},"2":{"name":"(anonymous_2)","decl":{"start":{"line":25,"column":11},"end":{"line":25,"column":12}},"loc":{"start":{"line":25,"column":37},"end":{"line":31,"column":3}}},"3":{"name":"(anonymous_3)","decl":{"start":{"line":36,"column":16},"end":{"line":36,"column":17}},"loc":{"start":{"line":36,"column":42},"end":{"line":42,"column":3}}},"4":{"name":"(anonymous_4)","decl":{"start":{"line":47,"column":9},"end":{"line":47,"column":10}},"loc":{"start":{"line":47,"column":35},"end":{"line":56,"column":3}}},"5":{"name":"(anonymous_5)","decl":{"start":{"line":61,"column":12},"end":{"line":61,"column":13}},"loc":{"start":{"line":61,"column":38},"end":{"line":66,"column":3}}}},"branchMap":{"0":{"loc":{"start":{"line":27,"column":4},"end":{"line":29,"column":5}},"type":"if","locations":[{"start":{"line":27,"column":4},"end":{"line":29,"column":5}},{"start":{},"end":{}}]},"1":{"loc":{"start":{"line":38,"column":4},"end":{"line":40,"column":5}},"type":"if","locations":[{"start":{"line":38,"column":4},"end":{"line":40,"column":5}},{"start":{},"end":{}}]},"2":{"loc":{"start":{"line":49,"column":4},"end":{"line":51,"column":5}},"type":"if","locations":[{"start":{"line":49,"column":4},"end":{"line":51,"column":5}},{"start":{},"end":{}}]},"3":{"loc":{"start":{"line":52,"column":4},"end":{"line":54,"column":5}},"type":"if","locations":[{"start":{"line":52,"column":4},"end":{"line":54,"column":5}},{"start":{},"end":{}}]}},"s":{"0":2,"1":0,"2":0,"3":1,"4":1,"5":2,"6":2,"7":1,"8":1,"9":1,"10":1,"11":1,"12":0,"13":0,"14":0,"15":0,"16":0,"17":0,"18":0,"19":0},"f":{"0":0,"1":1,"2":2,"3":1,"4":0,"5":0},"b":{"0":[1,1],"1":[1,0],"2":[0,0],"3":[0,0]}}
,"C:\\Users\\Clara Carvalho\\Desktop\\Desafio unimade\\frontend\\src\\utils\\masks.ts": {"path":"C:\\Users\\Clara Carvalho\\Desktop\\Desafio unimade\\frontend\\src\\utils\\masks.ts","statementMap":{"0":{"start":{"line":5,"column":13},"end":{"line":50,"column":2}},"1":{"start":{"line":10,"column":20},"end":{"line":10,"column":44}},"2":{"start":{"line":11,"column":4},"end":{"line":11,"column":44}},"3":{"start":{"line":11,"column":29},"end":{"line":11,"column":44}},"4":{"start":{"line":12,"column":4},"end":{"line":12,"column":83}},"5":{"start":{"line":12,"column":29},"end":{"line":12,"column":83}},"6":{"start":{"line":13,"column":4},"end":{"line":13,"column":85}},"7":{"start":{"line":20,"column":20},"end":{"line":20,"column":44}},"8":{"start":{"line":21,"column":4},"end":{"line":21,"column":44}},"9":{"start":{"line":21,"column":29},"end":{"line":21,"column":44}},"10":{"start":{"line":22,"column":4},"end":{"line":22,"column":83}},"11":{"start":{"line":22,"column":29},"end":{"line":22,"column":83}},"12":{"start":{"line":23,"column":4},"end":{"line":23,"column":85}},"13":{"start":{"line":30,"column":20},"end":{"line":30,"column":44}},"14":{"start":{"line":31,"column":4},"end":{"line":31,"column":44}},"15":{"start":{"line":31,"column":29},"end":{"line":31,"column":44}},"16":{"start":{"line":32,"column":4},"end":{"line":32,"column":81}},"17":{"start":{"line":32,"column":29},"end":{"line":32,"column":81}},"18":{"start":{"line":33,"column":4},"end":{"line":33,"column":104}},"19":{"start":{"line":33,"column":29},"end":{"line":33,"column":104}},"20":{"start":{"line":34,"column":4},"end":{"line":34,"column":106}},"21":{"start":{"line":41,"column":20},"end":{"line":41,"column":44}},"22":{"start":{"line":42,"column":4},"end":{"line":42,"column":44}},"23":{"start":{"line":42,"column":29},"end":{"line":42,"column":44}},"24":{"start":{"line":43,"column":4},"end":{"line":43,"column":59}},"25":{"start":{"line":49,"column":42},"end":{"line":49,"column":66}}},"fnMap":{"0":{"name":"(anonymous_0)","decl":{"start":{"line":9,"column":11},"end":{"line":9,"column":12}},"loc":{"start":{"line":9,"column":37},"end":{"line":14,"column":3}}},"1":{"name":"(anonymous_1)","decl":{"start":{"line":19,"column":16},"end":{"line":19,"column":17}},"loc":{"start":{"line":19,"column":42},"end":{"line":24,"column":3}}},"2":{"name":"(anonymous_2)","decl":{"start":{"line":29,"column":7},"end":{"line":29,"column":8}},"loc":{"start":{"line":29,"column":33},"end":{"line":35,"column":3}}},"3":{"name":"(anonymous_3)","decl":{"start":{"line":40,"column":7},"end":{"line":40,"column":8}},"loc":{"start":{"line":40,"column":33},"end":{"line":44,"column":3}}},"4":{"name":"(anonymous_4)","decl":{"start":{"line":49,"column":15},"end":{"line":49,"column":16}},"loc":{"start":{"line":49,"column":42},"end":{"line":49,"column":66}}}},"branchMap":{"0":{"loc":{"start":{"line":11,"column":4},"end":{"line":11,"column":44}},"type":"if","locations":[{"start":{"line":11,"column":4},"end":{"line":11,"column":44}},{"start":{},"end":{}}]},"1":{"loc":{"start":{"line":12,"column":4},"end":{"line":12,"column":83}},"type":"if","locations":[{"start":{"line":12,"column":4},"end":{"line":12,"column":83}},{"start":{},"end":{}}]},"2":{"loc":{"start":{"line":21,"column":4},"end":{"line":21,"column":44}},"type":"if","locations":[{"start":{"line":21,"column":4},"end":{"line":21,"column":44}},{"start":{},"end":{}}]},"3":{"loc":{"start":{"line":22,"column":4},"end":{"line":22,"column":83}},"type":"if","locations":[{"start":{"line":22,"column":4},"end":{"line":22,"column":83}},{"start":{},"end":{}}]},"4":{"loc":{"start":{"line":31,"column":4},"end":{"line":31,"column":44}},"type":"if","locations":[{"start":{"line":31,"column":4},"end":{"line":31,"column":44}},{"start":{},"end":{}}]},"5":{"loc":{"start":{"line":32,"column":4},"end":{"line":32,"column":81}},"type":"if","locations":[{"start":{"line":32,"column":4},"end":{"line":32,"column":81}},{"start":{},"end":{}}]},"6":{"loc":{"start":{"line":33,"column":4},"end":{"line":33,"column":104}},"type":"if","locations":[{"start":{"line":33,"column":4},"end":{"line":33,"column":104}},{"start":{},"end":{}}]},"7":{"loc":{"start":{"line":42,"column":4},"end":{"line":42,"column":44}},"type":"if","locations":[{"start":{"line":42,"column":4},"end":{"line":42,"column":44}},{"start":{},"end":{}}]}},"s":{"0":2,"1":14,"2":14,"3":4,"4":10,"5":6,"6":4,"7":0,"8":0,"9":0,"10":0,"11":0,"12":0,"13":0,"14":0,"15":0,"16":0,"17":0,"18":0,"19":0,"20":0,"21":0,"22":0,"23":0,"24":0,"25":0},"f":{"0":14,"1":0,"2":0,"3":0,"4":0},"b":{"0":[4,10],"1":[6,4],"2":[0,0],"3":[0,0],"4":[0,0],"5":[0,0],"6":[0,0],"7":[0,0]}}
}
