TN:
SF:src\api\api.ts
FNF:0
FNH:0
DA:1,4
DA:4,4
DA:6,4
LF:3
LH:3
BRF:0
BRH:0
end_of_record
TN:
SF:src\api\contatoApi.ts
FN:6,(anonymous_0)
FN:13,(anonymous_1)
FN:19,(anonymous_2)
FN:25,(anonymous_3)
FN:31,(anonymous_4)
FN:37,(anonymous_5)
FN:43,(anonymous_6)
FN:48,(anonymous_7)
FN:53,(anonymous_8)
FNF:9
FNH:8
FNDA:6,(anonymous_0)
FNDA:0,(anonymous_1)
FNDA:1,(anonymous_2)
FNDA:1,(anonymous_3)
FNDA:1,(anonymous_4)
FNDA:1,(anonymous_5)
FNDA:1,(anonymous_6)
FNDA:1,(anonymous_7)
FNDA:1,(anonymous_8)
DA:1,4
DA:4,4
DA:7,6
DA:8,6
DA:9,5
DA:14,0
DA:15,0
DA:20,1
DA:21,0
DA:26,1
DA:27,0
DA:32,1
DA:33,1
DA:38,1
DA:39,1
DA:44,1
DA:49,1
DA:54,1
DA:55,1
LF:19
LH:15
BRDA:7,0,0,0
BRDA:7,0,1,6
BRF:2
BRH:1
end_of_record
TN:
SF:src\components\atoms\Avatar\Avatar.tsx
FN:11,(anonymous_9)
FN:20,(anonymous_10)
FN:24,(anonymous_11)
FN:34,(anonymous_12)
FN:47,(anonymous_13)
FN:48,(anonymous_14)
FNF:6
FNH:4
FNDA:14,(anonymous_9)
FNDA:13,(anonymous_10)
FNDA:14,(anonymous_11)
FNDA:14,(anonymous_12)
FNDA:0,(anonymous_13)
FNDA:0,(anonymous_14)
DA:1,2
DA:11,2
DA:18,14
DA:20,14
DA:21,13
DA:24,14
DA:25,14
DA:26,1
DA:28,13
DA:29,0
DA:31,13
DA:34,14
DA:35,14
DA:36,1
DA:38,13
DA:39,0
DA:41,13
DA:44,14
DA:47,0
DA:48,0
LF:20
LH:16
BRDA:13,0,0,3
BRDA:15,1,0,3
BRDA:16,2,0,14
BRDA:25,3,0,1
BRDA:25,3,1,13
BRDA:28,4,0,0
BRDA:28,4,1,13
BRDA:35,5,0,1
BRDA:35,5,1,13
BRDA:38,6,0,0
BRDA:38,6,1,13
BRDA:57,7,0,1
BRDA:57,7,1,13
BRDA:57,8,0,0
BRDA:57,8,1,13
BRDA:63,9,0,1
BRDA:63,9,1,13
BRDA:65,10,0,1
BRDA:65,10,1,13
BRF:19
BRH:16
end_of_record
TN:
SF:src\components\atoms\Button\AddButton.tsx
FN:10,(anonymous_10)
FN:15,(anonymous_11)
FN:26,(anonymous_12)
FNF:3
FNH:1
FNDA:1,(anonymous_10)
FNDA:0,(anonymous_11)
FNDA:0,(anonymous_12)
DA:1,1
DA:2,1
DA:3,1
DA:10,1
DA:11,1
DA:12,1
DA:13,1
DA:15,1
DA:16,0
DA:17,0
DA:18,0
DA:19,0
DA:26,1
DA:27,0
DA:30,1
DA:54,1
LF:16
LH:11
BRDA:10,0,0,1
BRDA:17,1,0,0
BRDA:17,1,1,0
BRDA:30,2,0,1
BRDA:30,2,1,0
BRF:5
BRH:2
end_of_record
TN:
SF:src\components\atoms\Button\Button.tsx
FN:16,(anonymous_1)
FNF:1
FNH:1
FNDA:6,(anonymous_1)
DA:1,1
DA:16,1
DA:28,6
DA:36,6
DA:42,6
LF:5
LH:5
BRDA:18,0,0,4
BRDA:19,1,0,6
BRDA:20,2,0,6
BRDA:21,3,0,5
BRDA:22,4,0,5
BRDA:24,5,0,6
BRDA:26,6,0,6
BRDA:53,7,0,0
BRDA:53,7,1,6
BRDA:54,8,0,1
BRDA:54,8,1,5
BRDA:58,9,0,6
BRDA:58,9,1,5
BRDA:60,10,0,6
BRDA:60,10,1,1
BRDA:66,11,0,6
BRDA:66,11,1,5
BRDA:66,11,2,0
BRF:18
BRH:16
end_of_record
TN:
SF:src\components\atoms\Button\ModalButton.tsx
FN:11,(anonymous_1)
FNF:1
FNH:0
FNDA:0,(anonymous_1)
DA:1,1
DA:11,1
DA:18,0
DA:28,0
DA:43,0
DA:82,0
LF:6
LH:2
BRDA:15,0,0,0
BRDA:16,1,0,0
BRF:2
BRH:0
end_of_record
TN:
SF:src\components\atoms\Container\Container.tsx
FN:14,(anonymous_1)
FNF:1
FNH:1
FNDA:2,(anonymous_1)
DA:1,1
DA:14,1
DA:24,2
DA:34,2
DA:43,2
DA:49,2
DA:64,1
LF:7
LH:7
BRDA:16,0,0,2
BRDA:17,1,0,0
BRDA:18,2,0,0
BRDA:19,3,0,2
BRDA:20,4,0,0
BRDA:21,5,0,2
BRDA:22,6,0,0
BRF:7
BRH:3
end_of_record
TN:
SF:src\components\atoms\Container\ContainerWithOverflow.tsx
FN:13,(anonymous_1)
FNF:1
FNH:1
FNDA:2,(anonymous_1)
DA:1,1
DA:13,1
DA:22,2
DA:32,2
DA:41,2
LF:5
LH:5
BRDA:15,0,0,2
BRDA:16,1,0,0
BRDA:17,2,0,0
BRDA:18,3,0,0
BRDA:19,4,0,2
BRDA:20,5,0,0
BRF:6
BRH:2
end_of_record
TN:
SF:src\components\atoms\FavoriteIcon\FavoriteIcon.tsx
FN:13,(anonymous_10)
FN:25,(anonymous_11)
FN:40,(anonymous_12)
FN:52,(anonymous_13)
FNF:4
FNH:2
FNDA:16,(anonymous_10)
FNDA:16,(anonymous_11)
FNDA:0,(anonymous_12)
FNDA:0,(anonymous_13)
DA:1,1
DA:2,1
DA:3,1
DA:13,1
DA:20,16
DA:21,16
DA:22,16
DA:23,16
DA:25,16
DA:26,16
DA:27,0
DA:29,16
DA:30,14
DA:32,2
DA:33,0
DA:35,2
DA:38,16
DA:40,16
DA:41,0
DA:42,0
DA:43,0
DA:44,0
DA:45,0
DA:52,16
DA:53,0
DA:54,0
DA:57,16
DA:81,16
LF:28
LH:19
BRDA:16,0,0,0
BRDA:17,1,0,15
BRDA:18,2,0,16
BRDA:26,3,0,0
BRDA:26,3,1,16
BRDA:26,4,0,16
BRDA:26,4,1,14
BRDA:29,5,0,14
BRDA:29,5,1,2
BRDA:32,6,0,0
BRDA:32,6,1,2
BRDA:32,7,0,2
BRDA:32,7,1,2
BRDA:38,8,0,14
BRDA:38,8,1,2
BRDA:43,9,0,0
BRDA:43,9,1,0
BRDA:57,10,0,16
BRDA:57,10,1,0
BRDA:94,11,0,16
BRDA:94,11,1,0
BRDA:98,12,0,14
BRDA:98,12,1,2
BRF:23
BRH:16
end_of_record
TN:
SF:src\components\atoms\Input\Icon\Icon.tsx
FN:25,(anonymous_1)
FNF:1
FNH:1
FNDA:282,(anonymous_1)
DA:1,2
DA:25,2
DA:33,282
DA:106,282
DA:117,2
LF:5
LH:5
BRDA:27,0,0,0
BRDA:28,1,0,0
BRDA:29,2,0,282
BRF:3
BRH:1
end_of_record
TN:
SF:src\components\atoms\Moda\Modal.tsx
FN:14,(anonymous_9)
FN:35,(anonymous_10)
FN:36,(anonymous_11)
FN:43,(anonymous_12)
FN:47,(anonymous_13)
FN:53,(anonymous_14)
FN:59,(anonymous_15)
FNF:7
FNH:7
FNDA:5,(anonymous_9)
FNDA:5,(anonymous_10)
FNDA:1,(anonymous_11)
FNDA:5,(anonymous_12)
FNDA:5,(anonymous_13)
FNDA:5,(anonymous_14)
FNDA:1,(anonymous_15)
DA:1,2
DA:2,2
DA:14,2
DA:23,5
DA:26,5
DA:35,5
DA:36,5
DA:37,1
DA:38,1
DA:42,5
DA:43,5
DA:47,5
DA:48,5
DA:49,4
DA:51,1
DA:53,5
DA:54,5
DA:59,5
DA:60,1
DA:61,1
DA:65,5
DA:67,4
LF:22
LH:22
BRDA:19,0,0,5
BRDA:20,1,0,5
BRDA:21,2,0,5
BRDA:37,3,0,1
BRDA:37,3,1,0
BRDA:37,4,0,1
BRDA:37,4,1,1
BRDA:48,5,0,4
BRDA:48,5,1,1
BRDA:60,6,0,1
BRDA:60,6,1,0
BRDA:65,7,0,1
BRDA:65,7,1,4
BRDA:83,8,0,4
BRDA:83,8,1,0
BRDA:94,9,0,4
BRDA:94,9,1,4
BRF:17
BRH:14
end_of_record
TN:
SF:src\components\atoms\Moda\ModalConfirm.tsx
FN:17,(anonymous_1)
FN:55,(anonymous_2)
FNF:2
FNH:1
FNDA:1,(anonymous_1)
FNDA:0,(anonymous_2)
DA:1,1
DA:2,1
DA:3,1
DA:4,1
DA:17,1
DA:27,1
DA:56,0
DA:57,0
LF:8
LH:6
BRDA:21,0,0,0
BRDA:22,1,0,0
BRDA:23,2,0,0
BRDA:24,3,0,0
BRDA:30,4,0,1
BRDA:30,4,1,1
BRF:6
BRH:2
end_of_record
TN:
SF:src\components\atoms\Moda\ModalFooter.tsx
FN:9,(anonymous_1)
FNF:1
FNH:0
FNDA:0,(anonymous_1)
DA:1,1
DA:9,1
DA:14,0
DA:21,0
LF:4
LH:2
BRDA:11,0,0,0
BRDA:12,1,0,0
BRF:2
BRH:0
end_of_record
TN:
SF:src\components\atoms\Moda\ModalSmall.tsx
FN:13,(anonymous_9)
FN:23,(anonymous_10)
FN:24,(anonymous_11)
FN:31,(anonymous_12)
FN:34,(anonymous_13)
FN:40,(anonymous_14)
FN:45,(anonymous_15)
FNF:7
FNH:5
FNDA:1,(anonymous_9)
FNDA:1,(anonymous_10)
FNDA:0,(anonymous_11)
FNDA:1,(anonymous_12)
FNDA:1,(anonymous_13)
FNDA:1,(anonymous_14)
FNDA:0,(anonymous_15)
DA:1,1
DA:2,1
DA:13,1
DA:21,1
DA:23,1
DA:24,1
DA:25,0
DA:26,0
DA:30,1
DA:31,1
DA:34,1
DA:35,1
DA:36,0
DA:38,1
DA:40,1
DA:41,1
DA:45,1
DA:46,0
DA:47,0
DA:51,1
DA:53,0
LF:21
LH:15
BRDA:17,0,0,0
BRDA:18,1,0,1
BRDA:19,2,0,0
BRDA:25,3,0,0
BRDA:25,3,1,0
BRDA:25,4,0,0
BRDA:25,4,1,0
BRDA:35,5,0,0
BRDA:35,5,1,1
BRDA:46,6,0,0
BRDA:46,6,1,0
BRDA:51,7,0,1
BRDA:51,7,1,0
BRDA:76,8,0,0
BRDA:76,8,1,0
BRF:15
BRH:3
end_of_record
TN:
SF:src\components\atoms\Toast\Toast.tsx
FN:20,(anonymous_9)
FN:28,(anonymous_10)
FN:29,(anonymous_11)
FN:34,(anonymous_12)
FN:37,(anonymous_13)
FN:119,(anonymous_14)
FN:128,(anonymous_15)
FNF:7
FNH:5
FNDA:2,(anonymous_9)
FNDA:2,(anonymous_10)
FNDA:0,(anonymous_11)
FNDA:2,(anonymous_12)
FNDA:2,(anonymous_13)
FNDA:2,(anonymous_14)
FNDA:0,(anonymous_15)
DA:1,3
DA:20,3
DA:26,2
DA:28,2
DA:29,2
DA:30,0
DA:31,0
DA:34,2
DA:37,2
DA:38,2
DA:40,0
DA:52,0
DA:65,1
DA:80,1
DA:95,0
DA:107,0
DA:115,0
DA:119,2
DA:120,2
DA:122,0
DA:124,2
DA:128,2
DA:129,0
DA:130,0
DA:131,0
DA:132,0
DA:133,0
DA:134,0
DA:135,0
DA:136,0
DA:137,0
DA:138,0
DA:142,2
LF:33
LH:15
BRDA:24,0,0,2
BRDA:38,1,0,0
BRDA:38,1,1,0
BRDA:38,1,2,1
BRDA:38,1,3,1
BRDA:38,1,4,1
BRDA:38,1,5,0
BRDA:38,1,6,0
BRDA:38,1,7,0
BRDA:38,1,8,0
BRDA:120,2,0,0
BRDA:120,2,1,2
BRDA:129,3,0,0
BRDA:129,3,1,0
BRDA:129,3,2,0
BRDA:129,3,3,0
BRDA:129,3,4,0
BRDA:129,3,5,0
BRDA:129,3,6,0
BRDA:129,3,7,0
BRDA:129,3,8,0
BRDA:151,4,0,2
BRDA:151,4,1,0
BRDA:159,5,0,2
BRDA:159,5,1,0
BRF:25
BRH:7
end_of_record
TN:
SF:src\components\atoms\Toast\ToastContext.tsx
FNF:0
FNH:0
DA:1,3
DA:8,3
LF:2
LH:2
BRF:0
BRH:0
end_of_record
TN:
SF:src\components\atoms\Toast\ToastProvider.tsx
FN:12,(anonymous_9)
FN:15,(anonymous_10)
FN:17,(anonymous_11)
FN:20,(anonymous_12)
FN:21,(anonymous_13)
FN:21,(anonymous_14)
FN:27,(anonymous_15)
FN:32,(anonymous_16)
FNF:8
FNH:4
FNDA:12,(anonymous_9)
FNDA:2,(anonymous_10)
FNDA:2,(anonymous_11)
FNDA:0,(anonymous_12)
FNDA:0,(anonymous_13)
FNDA:0,(anonymous_14)
FNDA:2,(anonymous_15)
FNDA:0,(anonymous_16)
DA:1,3
DA:3,3
DA:4,3
DA:12,3
DA:13,12
DA:15,12
DA:16,2
DA:17,2
DA:20,12
DA:21,0
DA:24,12
DA:28,2
DA:32,0
LF:13
LH:11
BRDA:17,0,0,2
BRDA:17,0,1,0
BRF:2
BRH:1
end_of_record
TN:
SF:src\components\atoms\Toast\index.ts
FN:1,(anonymous_0)
FN:3,(anonymous_1)
FN:4,(anonymous_2)
FNF:3
FNH:2
FNDA:0,(anonymous_0)
FNDA:10,(anonymous_1)
FNDA:27,(anonymous_2)
DA:1,3
DA:3,13
DA:4,30
LF:3
LH:3
BRF:0
BRH:0
end_of_record
TN:
SF:src\components\atoms\Toast\useToast.ts
FN:4,(anonymous_0)
FNF:1
FNH:1
FNDA:27,(anonymous_0)
DA:1,3
DA:2,3
DA:4,3
DA:5,27
DA:6,27
DA:7,0
DA:9,27
LF:7
LH:6
BRDA:6,0,0,0
BRDA:6,0,1,27
BRF:2
BRH:1
end_of_record
TN:
SF:src\components\atoms\ToggleSwitch\ToggleSwitch.tsx
FN:12,(anonymous_9)
FN:26,(anonymous_10)
FN:51,(anonymous_11)
FN:65,(anonymous_12)
FN:71,(anonymous_13)
FNF:5
FNH:3
FNDA:15,(anonymous_9)
FNDA:15,(anonymous_10)
FNDA:0,(anonymous_11)
FNDA:0,(anonymous_12)
FNDA:1,(anonymous_13)
DA:1,2
DA:2,2
DA:12,2
DA:19,15
DA:20,15
DA:21,15
DA:22,15
DA:24,15
DA:26,15
DA:27,15
DA:28,7
DA:36,8
DA:46,15
DA:47,15
DA:48,15
DA:49,15
DA:51,15
DA:52,0
DA:53,0
DA:54,0
DA:55,0
DA:56,0
DA:57,0
DA:65,15
DA:66,0
DA:67,0
DA:71,15
DA:72,1
DA:73,1
DA:74,1
DA:75,1
DA:79,15
DA:103,15
LF:33
LH:25
BRDA:15,0,0,4
BRDA:16,1,0,15
BRDA:17,2,0,13
BRDA:27,3,0,7
BRDA:27,3,1,8
BRDA:47,4,0,7
BRDA:47,4,1,8
BRDA:48,5,0,15
BRDA:48,5,1,13
BRDA:49,6,0,7
BRDA:49,6,1,8
BRDA:52,7,0,0
BRDA:52,7,1,0
BRDA:55,8,0,0
BRDA:55,8,1,0
BRDA:74,9,0,1
BRDA:74,9,1,0
BRDA:79,10,0,15
BRDA:79,10,1,0
BRDA:79,10,2,0
BRDA:115,11,0,2
BRDA:115,11,1,13
BRDA:121,12,0,0
BRDA:121,12,1,15
BRDA:122,13,0,0
BRDA:122,13,1,15
BRDA:124,14,0,7
BRDA:124,14,1,8
BRDA:134,15,0,7
BRDA:134,15,1,8
BRDA:135,16,0,7
BRDA:135,16,1,8
BRDA:136,17,0,0
BRDA:136,17,1,15
BRDA:136,18,0,15
BRDA:136,18,1,0
BRF:36
BRH:25
end_of_record
TN:
SF:src\components\atoms\Typography\Typography.tsx
FN:16,(anonymous_1)
FNF:1
FNH:1
FNDA:92,(anonymous_1)
DA:1,2
DA:16,2
DA:25,92
DA:36,92
DA:46,92
DA:52,92
DA:60,92
DA:62,92
DA:78,2
LF:9
LH:9
BRDA:17,0,0,0
BRDA:18,1,0,0
BRDA:19,2,0,0
BRDA:21,3,0,92
BRDA:22,4,0,92
BRDA:60,5,0,0
BRDA:60,5,1,92
BRF:7
BRH:3
end_of_record
TN:
SF:src\components\molecules\BulkActions\BulkActions.tsx
FN:13,(anonymous_1)
FN:75,(anonymous_2)
FNF:2
FNH:1
FNDA:1,(anonymous_1)
FNDA:0,(anonymous_2)
DA:1,1
DA:2,1
DA:3,1
DA:13,1
DA:20,1
DA:22,1
LF:6
LH:6
BRDA:18,0,0,1
BRDA:32,1,0,0
BRDA:32,1,1,1
BRDA:34,2,0,0
BRDA:34,2,1,1
BRDA:35,3,0,0
BRDA:35,3,1,0
BRDA:43,4,0,0
BRDA:43,4,1,1
BRDA:46,5,0,0
BRDA:46,5,1,1
BRDA:50,6,0,0
BRDA:50,6,1,1
BRDA:55,7,0,1
BRDA:55,7,1,0
BRDA:59,8,0,0
BRDA:59,8,1,1
BRDA:70,9,0,1
BRDA:70,9,1,0
BRDA:75,10,0,0
BRDA:75,10,1,1
BRDA:90,11,0,0
BRDA:90,11,1,1
BRF:23
BRH:11
end_of_record
TN:
SF:src\components\molecules\ContatoActions\ContatoActions.tsx
FN:14,(anonymous_1)
FNF:1
FNH:0
FNDA:0,(anonymous_1)
DA:1,1
DA:3,1
DA:4,1
DA:5,1
DA:14,1
DA:20,0
LF:6
LH:5
BRDA:42,0,0,0
BRDA:42,0,1,0
BRDA:42,1,0,0
BRDA:42,1,1,0
BRF:4
BRH:0
end_of_record
TN:
SF:src\components\molecules\ContatoEditFoote\ContatoEditFooter.tsx
FN:11,(anonymous_1)
FNF:1
FNH:0
FNDA:0,(anonymous_1)
DA:1,1
DA:2,1
DA:3,1
DA:11,1
DA:16,0
LF:5
LH:4
BRDA:14,0,0,0
BRDA:31,1,0,0
BRDA:31,1,1,0
BRF:3
BRH:0
end_of_record
TN:
SF:src\components\molecules\ContatoHeader\ContatoHeader.tsx
FN:12,(anonymous_1)
FNF:1
FNH:0
FNDA:0,(anonymous_1)
DA:1,1
DA:3,1
DA:4,1
DA:12,1
DA:17,0
LF:5
LH:4
BRDA:33,0,0,0
BRDA:33,0,1,0
BRDA:38,1,0,0
BRDA:38,1,1,0
BRDA:40,2,0,0
BRDA:40,2,1,0
BRDA:51,3,0,0
BRDA:51,3,1,0
BRF:8
BRH:0
end_of_record
TN:
SF:src\components\molecules\ContatoInfoCard\ContatoInfoCard.tsx
FN:14,(anonymous_1)
FNF:1
FNH:0
FNDA:0,(anonymous_1)
DA:3,1
DA:4,1
DA:5,1
DA:14,1
DA:20,0
LF:5
LH:4
BRDA:18,0,0,0
BRF:1
BRH:0
end_of_record
TN:
SF:src\components\molecules\ContatoRow\ContatoRow.tsx
FN:11,(anonymous_1)
FN:18,(anonymous_2)
FN:22,(anonymous_3)
FNF:3
FNH:1
FNDA:10,(anonymous_1)
FNDA:0,(anonymous_2)
FNDA:0,(anonymous_3)
DA:1,1
DA:3,1
DA:11,1
DA:16,10
DA:18,0
DA:22,0
LF:6
LH:4
BRDA:33,0,0,5
BRDA:33,0,1,5
BRDA:35,1,0,5
BRDA:35,1,1,5
BRDA:37,2,0,10
BRDA:37,2,1,8
BRF:6
BRH:6
end_of_record
TN:
SF:src\components\molecules\ContatoTableActions\ContatoTableActions.tsx
FN:12,(anonymous_1)
FN:20,(anonymous_2)
FN:33,(anonymous_3)
FN:42,(anonymous_4)
FNF:4
FNH:1
FNDA:10,(anonymous_1)
FNDA:0,(anonymous_2)
FNDA:0,(anonymous_3)
FNDA:0,(anonymous_4)
DA:1,1
DA:3,1
DA:4,1
DA:12,1
DA:17,10
DA:21,0
DA:22,0
DA:34,0
DA:35,0
DA:42,0
LF:10
LH:5
BRF:0
BRH:0
end_of_record
TN:
SF:src\components\molecules\ContatosHeader\ContatosHeader.tsx
FN:11,(anonymous_1)
FN:15,(anonymous_2)
FN:16,(anonymous_3)
FNF:3
FNH:3
FNDA:1,(anonymous_1)
FNDA:32,(anonymous_2)
FNDA:32,(anonymous_3)
DA:1,1
DA:2,1
DA:3,1
DA:11,1
DA:15,32
DA:16,32
DA:18,1
DA:50,1
LF:8
LH:8
BRF:0
BRH:0
end_of_record
TN:
SF:src\components\molecules\ContatosTableHeader\ContatosTableHeader.tsx
FN:13,(anonymous_1)
FNF:1
FNH:1
FNDA:1,(anonymous_1)
DA:1,1
DA:2,1
DA:3,1
DA:13,1
DA:20,1
LF:5
LH:5
BRF:0
BRH:0
end_of_record
TN:
SF:src\components\molecules\FormActions\FormActions.tsx
FN:11,(anonymous_1)
FNF:1
FNH:1
FNDA:47,(anonymous_1)
DA:1,2
DA:2,2
DA:11,2
DA:17,47
LF:4
LH:4
BRDA:13,0,0,0
BRDA:14,1,0,47
BRDA:15,2,0,47
BRDA:24,3,0,0
BRDA:24,3,1,47
BRF:5
BRH:3
end_of_record
TN:
SF:src\components\molecules\FormField\FormField.tsx
FN:20,(anonymous_1)
FNF:1
FNH:1
FNDA:188,(anonymous_1)
DA:1,2
DA:2,2
DA:3,2
DA:20,2
DA:34,188
DA:36,188
LF:6
LH:6
BRDA:28,0,0,47
BRDA:29,1,0,0
BRDA:34,2,0,188
BRDA:34,2,1,0
BRDA:39,3,0,188
BRDA:39,3,1,141
BRDA:55,4,0,6
BRDA:55,4,1,182
BRDA:61,5,0,188
BRDA:61,5,1,94
BRDA:61,5,2,92
BRDA:66,6,0,188
BRDA:66,6,1,6
BRF:13
BRH:11
end_of_record
TN:
SF:src\components\molecules\Pagination\Pagination.tsx
FN:16,(anonymous_1)
FN:28,(anonymous_2)
FN:75,(anonymous_3)
FN:78,(anonymous_4)
FNF:4
FNH:4
FNDA:7,(anonymous_1)
FNDA:7,(anonymous_2)
FNDA:34,(anonymous_3)
FNDA:1,(anonymous_4)
DA:3,2
DA:16,2
DA:26,7
DA:28,7
DA:29,7
DA:30,7
DA:32,7
DA:33,7
DA:34,34
DA:36,0
DA:37,0
DA:38,0
DA:40,0
DA:41,0
DA:42,0
DA:45,0
DA:46,0
DA:50,7
DA:53,7
DA:76,34
DA:78,1
LF:21
LH:13
BRDA:26,0,0,0
BRDA:26,0,1,7
BRDA:32,1,0,7
BRDA:32,1,1,0
BRDA:36,2,0,0
BRDA:36,2,1,0
BRDA:40,3,0,0
BRDA:40,3,1,0
BRDA:65,4,0,6
BRDA:65,4,1,1
BRDA:81,5,0,7
BRDA:81,5,1,27
BRDA:97,6,0,1
BRDA:97,6,1,6
BRF:14
BRH:8
end_of_record
TN:
SF:src\components\molecules\SearchBar\SearchBar.tsx
FN:10,(anonymous_9)
FN:21,(anonymous_10)
FN:31,(anonymous_11)
FN:35,(anonymous_12)
FN:42,(anonymous_13)
FN:50,(anonymous_14)
FN:55,(anonymous_15)
FN:67,(anonymous_16)
FN:114,(anonymous_17)
FN:115,(anonymous_18)
FN:116,(anonymous_19)
FN:117,(anonymous_20)
FNF:12
FNH:11
FNDA:28,(anonymous_9)
FNDA:20,(anonymous_10)
FNDA:1,(anonymous_11)
FNDA:14,(anonymous_12)
FNDA:1,(anonymous_13)
FNDA:1,(anonymous_14)
FNDA:14,(anonymous_15)
FNDA:28,(anonymous_16)
FNDA:3,(anonymous_17)
FNDA:2,(anonymous_18)
FNDA:3,(anonymous_19)
FNDA:0,(anonymous_20)
DA:1,2
DA:10,2
DA:16,28
DA:17,28
DA:18,28
DA:19,28
DA:21,28
DA:22,20
DA:23,12
DA:26,20
DA:27,6
DA:28,6
DA:31,14
DA:32,1
DA:35,14
DA:36,14
DA:37,14
DA:42,28
DA:43,1
DA:44,1
DA:45,1
DA:47,1
DA:50,28
DA:51,1
DA:52,1
DA:55,28
DA:56,14
DA:57,14
DA:59,14
DA:60,0
DA:61,0
DA:63,0
DA:67,28
DA:68,28
DA:69,11
DA:70,9
DA:71,5
DA:74,28
DA:114,3
DA:115,2
DA:116,3
DA:117,0
LF:42
LH:38
BRDA:12,0,0,28
BRDA:13,1,0,28
BRDA:14,2,0,21
BRDA:22,3,0,12
BRDA:22,3,1,8
BRDA:26,4,0,6
BRDA:26,4,1,14
BRDA:36,5,0,14
BRDA:36,5,1,0
BRDA:44,6,0,1
BRDA:44,6,1,0
BRDA:59,7,0,0
BRDA:59,7,1,14
BRDA:60,8,0,0
BRDA:60,8,1,0
BRDA:68,9,0,17
BRDA:68,9,1,11
BRDA:69,10,0,2
BRDA:69,10,1,9
BRDA:70,11,0,4
BRDA:70,11,1,5
BRDA:132,12,0,28
BRDA:132,12,1,16
BRF:23
BRH:18
end_of_record
TN:
SF:src\components\molecules\Table\Table.tsx
FN:34,Table
FN:58,(anonymous_10)
FN:59,(anonymous_11)
FN:74,(anonymous_12)
FN:80,(anonymous_13)
FN:93,(anonymous_14)
FN:104,(anonymous_15)
FN:120,(anonymous_16)
FN:125,(anonymous_17)
FN:134,(anonymous_18)
FN:139,(anonymous_19)
FN:172,(anonymous_20)
FN:183,(anonymous_21)
FN:193,(anonymous_22)
FN:214,(anonymous_23)
FNF:15
FNH:9
FNDA:6,Table
FNDA:6,(anonymous_10)
FNDA:6,(anonymous_11)
FNDA:5,(anonymous_12)
FNDA:21,(anonymous_13)
FNDA:12,(anonymous_14)
FNDA:0,(anonymous_15)
FNDA:0,(anonymous_16)
FNDA:0,(anonymous_17)
FNDA:0,(anonymous_18)
FNDA:0,(anonymous_19)
FNDA:21,(anonymous_20)
FNDA:0,(anonymous_21)
FNDA:1,(anonymous_22)
FNDA:27,(anonymous_23)
DA:1,2
DA:2,2
DA:34,2
DA:52,6
DA:53,6
DA:54,6
DA:55,6
DA:56,6
DA:58,6
DA:59,6
DA:60,6
DA:61,0
DA:66,6
DA:67,1
DA:74,5
DA:75,5
DA:76,5
DA:77,5
DA:80,5
DA:81,21
DA:82,21
DA:83,21
DA:84,21
DA:85,21
DA:86,21
DA:90,0
DA:93,5
DA:94,12
DA:95,12
DA:96,12
DA:97,12
DA:98,12
DA:101,0
DA:104,5
DA:105,0
DA:106,0
DA:108,0
DA:109,0
DA:110,0
DA:113,0
DA:114,0
DA:115,0
DA:120,0
DA:121,0
DA:125,5
DA:126,0
DA:127,0
DA:128,0
DA:130,0
DA:131,0
DA:134,5
DA:135,0
DA:136,0
DA:139,5
DA:140,0
DA:143,5
DA:145,5
DA:169,5
DA:173,21
DA:174,21
DA:180,21
DA:183,0
DA:193,1
DA:215,27
DA:256,2
LF:65
LH:43
BRDA:35,0,0,0
BRDA:38,1,0,6
BRDA:39,2,0,4
BRDA:40,3,0,6
BRDA:41,4,0,6
BRDA:42,5,0,6
BRDA:43,6,0,6
BRDA:45,7,0,5
BRDA:46,8,0,5
BRDA:47,9,0,4
BRDA:48,10,0,5
BRDA:60,11,0,0
BRDA:60,11,1,6
BRDA:66,12,0,1
BRDA:66,12,1,5
BRDA:75,13,0,0
BRDA:75,13,1,5
BRDA:77,14,0,5
BRDA:77,14,1,0
BRDA:81,15,0,21
BRDA:81,15,1,0
BRDA:81,16,0,21
BRDA:81,16,1,21
BRDA:81,16,2,21
BRDA:83,17,0,21
BRDA:83,17,1,0
BRDA:85,18,0,21
BRDA:85,18,1,0
BRDA:85,19,0,21
BRDA:85,19,1,21
BRDA:94,20,0,12
BRDA:94,20,1,0
BRDA:94,21,0,12
BRDA:94,21,1,12
BRDA:94,21,2,12
BRDA:96,22,0,12
BRDA:96,22,1,0
BRDA:98,23,0,12
BRDA:98,23,1,0
BRDA:98,24,0,12
BRDA:98,24,1,12
BRDA:105,25,0,0
BRDA:105,25,1,0
BRDA:106,26,0,0
BRDA:106,26,1,0
BRDA:108,27,0,0
BRDA:108,27,1,0
BRDA:126,28,0,0
BRDA:126,28,1,0
BRDA:143,29,0,5
BRDA:143,29,1,0
BRDA:143,29,2,0
BRDA:143,29,3,0
BRDA:145,30,0,5
BRDA:145,30,1,0
BRDA:174,31,0,21
BRDA:174,31,1,0
BRDA:175,32,0,11
BRDA:175,32,1,10
BRDA:188,33,0,17
BRDA:188,33,1,4
BRDA:196,34,0,21
BRDA:196,34,1,5
BRDA:196,34,2,5
BRDA:212,35,0,21
BRDA:212,35,1,0
BRDA:219,36,0,27
BRDA:219,36,1,27
BRDA:220,37,0,0
BRDA:220,37,1,27
BRDA:223,38,0,27
BRDA:223,38,1,27
BRDA:224,39,0,27
BRDA:224,39,1,27
BRDA:227,40,0,15
BRDA:227,40,1,12
BRDA:237,41,0,21
BRDA:237,41,1,17
BRF:78
BRH:53
end_of_record
TN:
SF:src\components\organisms\ContatoDetalhe\ContatoDetalhe.tsx
FN:25,(anonymous_1)
FN:84,(anonymous_2)
FN:101,(anonymous_3)
FNF:3
FNH:0
FNDA:0,(anonymous_1)
FNDA:0,(anonymous_2)
FNDA:0,(anonymous_3)
DA:3,1
DA:5,1
DA:6,1
DA:7,1
DA:8,1
DA:9,1
DA:10,1
DA:11,1
DA:12,1
DA:25,1
DA:35,0
DA:43,0
DA:46,0
DA:69,0
DA:85,0
DA:102,0
DA:103,0
DA:119,1
LF:18
LH:11
BRDA:43,0,0,0
BRDA:43,0,1,0
BRDA:57,1,0,0
BRDA:57,1,1,0
BRF:4
BRH:0
end_of_record
TN:
SF:src\components\organisms\ContatoEditModal\ContatoEditModal.tsx
FN:17,(anonymous_1)
FNF:1
FNH:0
FNDA:0,(anonymous_1)
DA:3,1
DA:5,1
DA:6,1
DA:7,1
DA:8,1
DA:17,1
DA:23,0
DA:29,0
DA:31,0
DA:54,1
LF:10
LH:7
BRDA:29,0,0,0
BRDA:29,0,1,0
BRDA:29,1,0,0
BRDA:29,1,1,0
BRF:4
BRH:0
end_of_record
TN:
SF:src\components\organisms\ContatoForm\ContatoForm.tsx
FN:22,(anonymous_1)
FNF:1
FNH:1
FNDA:47,(anonymous_1)
DA:1,2
DA:3,2
DA:4,2
DA:5,2
DA:22,2
DA:29,47
DA:34,47
DA:106,2
LF:8
LH:8
BRDA:26,0,0,47
BRDA:27,1,0,47
BRDA:85,2,0,47
BRDA:85,2,1,46
BRDA:96,3,0,47
BRDA:96,3,1,47
BRF:6
BRH:6
end_of_record
TN:
SF:src\components\organisms\ContatosList\ContatosList.tsx
FN:28,(anonymous_1)
FN:62,(anonymous_2)
FN:63,(anonymous_3)
FN:69,(anonymous_4)
FN:87,(anonymous_5)
FN:109,(anonymous_6)
FN:110,(anonymous_7)
FN:125,(anonymous_8)
FNF:8
FNH:3
FNDA:1,(anonymous_1)
FNDA:0,(anonymous_2)
FNDA:0,(anonymous_3)
FNDA:0,(anonymous_4)
FNDA:10,(anonymous_5)
FNDA:0,(anonymous_6)
FNDA:0,(anonymous_7)
FNDA:10,(anonymous_8)
DA:3,1
DA:5,1
DA:6,1
DA:7,1
DA:8,1
DA:9,1
DA:10,1
DA:11,1
DA:12,1
DA:13,1
DA:14,1
DA:15,1
DA:28,1
DA:37,1
DA:44,1
DA:54,1
DA:62,1
DA:63,0
DA:64,0
DA:65,0
DA:69,1
DA:70,0
DA:73,1
DA:74,0
DA:83,1
DA:88,10
DA:97,1
DA:109,0
DA:110,0
DA:126,10
LF:30
LH:23
BRDA:34,0,0,0
BRDA:64,1,0,0
BRDA:64,1,1,0
BRDA:73,2,0,0
BRDA:73,2,1,1
BRF:5
BRH:1
end_of_record
TN:
SF:src\components\organisms\FavoritosTable\FavoritosTable.tsx
FN:24,(anonymous_10)
FN:45,(anonymous_11)
FN:54,(anonymous_12)
FN:64,(anonymous_13)
FN:86,(anonymous_14)
FN:149,(anonymous_15)
FN:151,(anonymous_16)
FNF:7
FNH:3
FNDA:1,(anonymous_10)
FNDA:0,(anonymous_11)
FNDA:0,(anonymous_12)
FNDA:5,(anonymous_13)
FNDA:0,(anonymous_14)
FNDA:5,(anonymous_15)
FNDA:0,(anonymous_16)
DA:3,1
DA:5,1
DA:6,1
DA:7,1
DA:8,1
DA:9,1
DA:10,1
DA:11,1
DA:12,1
DA:24,1
DA:30,1
DA:31,1
DA:34,1
DA:41,1
DA:42,0
DA:45,1
DA:46,0
DA:47,0
DA:49,0
DA:51,0
DA:54,1
DA:55,0
DA:56,0
DA:60,1
DA:65,5
DA:80,1
DA:86,0
DA:150,5
DA:152,0
DA:153,0
LF:30
LH:20
BRDA:28,0,0,0
BRDA:41,1,0,0
BRDA:41,1,1,1
BRDA:46,2,0,0
BRDA:46,2,1,0
BRDA:55,3,0,0
BRDA:55,3,1,0
BRDA:71,4,0,4
BRDA:71,4,1,1
BRDA:73,5,0,4
BRDA:73,5,1,1
BRDA:105,6,0,1
BRDA:105,6,1,0
BRDA:106,7,0,1
BRDA:106,7,1,0
BRDA:130,8,0,1
BRDA:130,8,1,0
BRDA:164,9,0,1
BRDA:164,9,1,1
BRF:19
BRH:10
end_of_record
TN:
SF:src\components\organisms\Header\Header.tsx
FN:7,(anonymous_1)
FN:11,(anonymous_2)
FNF:2
FNH:1
FNDA:2,(anonymous_1)
FNDA:0,(anonymous_2)
DA:1,1
DA:2,1
DA:3,1
DA:4,1
DA:5,1
DA:7,1
DA:8,2
DA:9,2
DA:11,2
DA:12,0
DA:13,0
DA:16,2
DA:60,1
LF:13
LH:11
BRDA:32,0,0,2
BRDA:32,0,1,2
BRDA:36,1,0,2
BRDA:36,1,1,2
BRF:4
BRH:4
end_of_record
TN:
SF:src\contexts\AuthContext.tsx
FNF:0
FNH:0
DA:3,3
DA:18,3
LF:2
LH:2
BRF:0
BRH:0
end_of_record
TN:
SF:src\contexts\AuthProvider.tsx
FN:4,(anonymous_9)
FN:5,(anonymous_10)
FN:21,(anonymous_11)
FN:31,(anonymous_12)
FN:32,(anonymous_13)
FN:34,(anonymous_14)
FN:51,(anonymous_15)
FNF:7
FNH:3
FNDA:7,(anonymous_9)
FNDA:7,(anonymous_10)
FNDA:7,(anonymous_11)
FNDA:0,(anonymous_12)
FNDA:0,(anonymous_13)
FNDA:0,(anonymous_14)
FNDA:0,(anonymous_15)
DA:1,3
DA:2,3
DA:4,3
DA:5,7
DA:6,7
DA:7,7
DA:9,7
DA:10,0
DA:11,0
DA:13,0
DA:16,7
DA:19,7
DA:21,7
DA:22,7
DA:23,0
DA:24,0
DA:26,7
DA:27,7
DA:31,7
DA:32,0
DA:33,0
DA:34,0
DA:35,0
DA:36,0
DA:40,0
DA:41,0
DA:42,0
DA:44,0
DA:45,0
DA:51,7
DA:52,0
DA:53,0
DA:56,7
LF:33
LH:16
BRDA:9,0,0,0
BRDA:9,0,1,7
BRDA:9,1,0,7
BRDA:9,1,1,0
BRDA:22,2,0,0
BRDA:22,2,1,7
BRDA:35,3,0,0
BRDA:35,3,1,0
BRDA:35,4,0,0
BRDA:35,4,1,0
BRF:10
BRH:3
end_of_record
TN:
SF:src\hooks\useAuth.ts
FN:4,(anonymous_0)
FNF:1
FNH:1
FNDA:2,(anonymous_0)
DA:1,1
DA:2,1
DA:4,1
DA:5,2
DA:6,2
DA:7,0
DA:9,2
LF:7
LH:6
BRDA:6,0,0,0
BRDA:6,0,1,2
BRF:2
BRH:1
end_of_record
TN:
SF:src\hooks\useContatoActions.ts
FN:13,useContatoActions
FN:23,(anonymous_1)
FN:46,(anonymous_2)
FNF:3
FNH:0
FNDA:0,useContatoActions
FNDA:0,(anonymous_1)
FNDA:0,(anonymous_2)
DA:1,1
DA:3,1
DA:13,1
DA:20,0
DA:21,0
DA:23,0
DA:24,0
DA:25,0
DA:27,0
DA:28,0
DA:29,0
DA:30,0
DA:31,0
DA:32,0
DA:33,0
DA:34,0
DA:35,0
DA:36,0
DA:37,0
DA:40,0
DA:42,0
DA:46,0
DA:47,0
DA:48,0
DA:50,0
DA:51,0
DA:52,0
DA:56,0
DA:58,0
DA:59,0
DA:61,0
DA:64,0
DA:66,0
DA:70,0
LF:34
LH:3
BRDA:24,0,0,0
BRDA:24,0,1,0
BRDA:28,1,0,0
BRDA:28,1,1,0
BRDA:31,2,0,0
BRDA:31,2,1,0
BRDA:33,3,0,0
BRDA:33,3,1,0
BRDA:36,4,0,0
BRDA:36,4,1,0
BRDA:47,5,0,0
BRDA:47,5,1,0
BRDA:56,6,0,0
BRDA:56,6,1,0
BRDA:58,7,0,0
BRDA:58,7,1,0
BRF:16
BRH:0
end_of_record
TN:
SF:src\hooks\useContatoEdit.ts
FN:24,useContatoEdit
FN:30,(anonymous_1)
FN:69,(anonymous_2)
FN:73,(anonymous_3)
FNF:4
FNH:0
FNDA:0,useContatoEdit
FNDA:0,(anonymous_1)
FNDA:0,(anonymous_2)
FNDA:0,(anonymous_3)
DA:3,1
DA:5,1
DA:6,1
DA:24,1
DA:25,0
DA:26,0
DA:27,0
DA:29,0
DA:31,0
DA:33,0
DA:35,0
DA:36,0
DA:41,0
DA:42,0
DA:44,0
DA:45,0
DA:48,0
DA:49,0
DA:51,0
DA:58,0
DA:60,0
DA:63,0
DA:69,0
DA:70,0
DA:73,0
DA:74,0
DA:75,0
DA:76,0
DA:80,0
LF:29
LH:4
BRDA:31,0,0,0
BRDA:31,0,1,0
BRDA:44,1,0,0
BRDA:44,1,1,0
BRDA:49,2,0,0
BRDA:49,2,1,0
BRDA:49,2,2,0
BRDA:51,3,0,0
BRDA:51,3,1,0
BRDA:52,4,0,0
BRDA:52,4,1,0
BRDA:52,4,2,0
BRDA:52,4,3,0
BRDA:52,4,4,0
BRDA:75,5,0,0
BRDA:75,5,1,0
BRF:16
BRH:0
end_of_record
TN:
SF:src\hooks\useContatoForm.ts
FN:19,useContatoForm
FN:28,(anonymous_1)
FN:38,(anonymous_2)
FN:40,(anonymous_3)
FN:46,(anonymous_4)
FN:78,(anonymous_5)
FNF:6
FNH:6
FNDA:47,useContatoForm
FNDA:38,(anonymous_1)
FNDA:38,(anonymous_2)
FNDA:38,(anonymous_3)
FNDA:3,(anonymous_4)
FNDA:3,(anonymous_5)
DA:3,2
DA:5,2
DA:19,2
DA:20,47
DA:26,47
DA:28,47
DA:29,38
DA:31,38
DA:32,38
DA:33,14
DA:34,24
DA:35,0
DA:38,38
DA:40,38
DA:46,47
DA:47,3
DA:48,3
DA:50,3
DA:51,2
DA:52,1
DA:53,0
DA:56,3
DA:57,2
DA:58,1
DA:59,0
DA:62,3
DA:63,3
DA:64,1
DA:65,2
DA:66,1
DA:69,3
DA:70,3
DA:71,0
DA:74,3
DA:75,3
DA:78,47
DA:79,3
DA:81,3
DA:82,2
DA:85,1
DA:92,1
DA:95,47
LF:42
LH:38
BRDA:21,0,0,47
BRDA:21,0,1,46
BRDA:22,1,0,47
BRDA:22,1,1,46
BRDA:23,2,0,47
BRDA:23,2,1,46
BRDA:24,3,0,47
BRDA:24,3,1,46
BRDA:32,4,0,14
BRDA:32,4,1,24
BRDA:34,5,0,0
BRDA:34,5,1,24
BRDA:50,6,0,2
BRDA:50,6,1,1
BRDA:52,7,0,0
BRDA:52,7,1,1
BRDA:56,8,0,2
BRDA:56,8,1,1
BRDA:58,9,0,0
BRDA:58,9,1,1
BRDA:63,10,0,1
BRDA:63,10,1,2
BRDA:65,11,0,1
BRDA:65,11,1,1
BRDA:70,12,0,0
BRDA:70,12,1,3
BRDA:70,13,0,3
BRDA:70,13,1,0
BRDA:81,14,0,2
BRDA:81,14,1,1
BRDA:89,15,0,0
BRDA:89,15,1,1
BRF:32
BRH:26
end_of_record
TN:
SF:src\hooks\useContatos.ts
FN:7,(anonymous_1)
FN:8,(anonymous_2)
FN:9,(anonymous_3)
FN:12,(anonymous_4)
FN:15,(anonymous_5)
FN:23,(anonymous_6)
FN:26,(anonymous_7)
FN:33,(anonymous_8)
FN:61,(anonymous_9)
FN:64,(anonymous_10)
FN:69,(anonymous_11)
FN:73,(anonymous_12)
FN:74,(anonymous_13)
FN:81,(anonymous_14)
FN:83,(anonymous_15)
FN:90,(anonymous_16)
FN:91,(anonymous_17)
FN:99,(anonymous_18)
FN:100,(anonymous_19)
FN:107,(anonymous_20)
FN:108,(anonymous_21)
FNF:21
FNH:6
FNDA:16,(anonymous_1)
FNDA:0,(anonymous_2)
FNDA:0,(anonymous_3)
FNDA:16,(anonymous_4)
FNDA:5,(anonymous_5)
FNDA:14,(anonymous_6)
FNDA:7,(anonymous_7)
FNDA:0,(anonymous_8)
FNDA:0,(anonymous_9)
FNDA:0,(anonymous_10)
FNDA:14,(anonymous_11)
FNDA:0,(anonymous_12)
FNDA:0,(anonymous_13)
FNDA:0,(anonymous_14)
FNDA:0,(anonymous_15)
FNDA:0,(anonymous_16)
FNDA:0,(anonymous_17)
FNDA:0,(anonymous_18)
FNDA:0,(anonymous_19)
FNDA:0,(anonymous_20)
FNDA:0,(anonymous_21)
DA:1,3
DA:2,3
DA:4,3
DA:6,3
DA:7,16
DA:8,0
DA:9,0
DA:12,3
DA:13,16
DA:15,5
DA:23,3
DA:24,14
DA:26,14
DA:27,7
DA:28,7
DA:31,0
DA:33,0
DA:34,0
DA:35,0
DA:38,0
DA:46,0
DA:49,0
DA:52,14
DA:61,3
DA:62,0
DA:64,0
DA:69,3
DA:70,14
DA:72,14
DA:73,0
DA:75,0
DA:76,0
DA:80,14
DA:82,0
DA:84,0
DA:85,0
DA:89,14
DA:90,0
DA:92,0
DA:93,0
DA:94,0
DA:98,14
DA:99,0
DA:101,0
DA:102,0
DA:106,14
DA:107,0
DA:109,0
DA:110,0
DA:114,14
LF:50
LH:23
BRDA:23,0,0,0
BRDA:24,1,0,3
BRDA:27,2,0,7
BRDA:27,2,1,0
BRDA:27,3,0,7
BRDA:27,3,1,0
BRDA:35,4,0,0
BRDA:35,4,1,0
BRDA:38,5,0,0
BRDA:38,5,1,0
BRDA:38,5,2,0
BRDA:38,5,3,0
BRDA:38,5,4,0
BRDA:38,5,5,0
BRDA:38,5,6,0
BRF:15
BRH:3
end_of_record
TN:
SF:src\hooks\useContatosList.ts
FN:12,useContatosList
FN:22,(anonymous_1)
FN:26,(anonymous_2)
FN:30,(anonymous_3)
FN:34,(anonymous_4)
FN:35,(anonymous_5)
FN:40,(anonymous_6)
FN:43,(anonymous_7)
FN:50,(anonymous_8)
FN:55,(anonymous_9)
FN:67,(anonymous_10)
FN:76,(anonymous_11)
FNF:12
FNH:5
FNDA:12,useContatosList
FNDA:0,(anonymous_1)
FNDA:0,(anonymous_2)
FNDA:0,(anonymous_3)
FNDA:0,(anonymous_4)
FNDA:0,(anonymous_5)
FNDA:0,(anonymous_6)
FNDA:0,(anonymous_7)
FNDA:4,(anonymous_8)
FNDA:5,(anonymous_9)
FNDA:1,(anonymous_10)
FNDA:1,(anonymous_11)
DA:1,2
DA:3,2
DA:12,2
DA:18,12
DA:19,12
DA:20,12
DA:22,12
DA:23,0
DA:24,0
DA:26,0
DA:27,0
DA:30,12
DA:31,0
DA:32,0
DA:34,0
DA:35,0
DA:36,0
DA:39,0
DA:40,0
DA:41,0
DA:43,0
DA:44,0
DA:46,0
DA:50,12
DA:51,4
DA:52,0
DA:55,5
DA:56,4
DA:57,4
DA:58,3
DA:59,3
DA:60,1
DA:61,1
DA:62,1
DA:67,12
DA:68,1
DA:69,1
DA:70,1
DA:71,1
DA:72,1
DA:76,12
DA:77,1
DA:78,1
DA:81,12
LF:44
LH:28
BRDA:24,0,0,0
BRDA:24,0,1,0
BRDA:27,1,0,0
BRDA:27,1,1,0
BRDA:32,2,0,0
BRDA:32,2,1,0
BRDA:39,3,0,0
BRDA:39,3,1,0
BRDA:41,4,0,0
BRDA:41,4,1,0
BRDA:44,5,0,0
BRDA:44,5,1,0
BRDA:46,6,0,0
BRDA:46,6,1,0
BRDA:51,7,0,0
BRDA:51,7,1,4
BRDA:56,8,0,4
BRDA:56,8,1,0
BRDA:57,9,0,3
BRDA:57,9,1,1
BRDA:60,10,0,1
BRDA:60,10,1,0
BRDA:68,11,0,1
BRDA:68,11,1,0
BRF:24
BRH:6
end_of_record
TN:
SF:src\hooks\useContatosPage.ts
FN:7,useContatosPage
FN:17,(anonymous_1)
FN:20,(anonymous_2)
FN:26,(anonymous_3)
FN:32,(anonymous_4)
FN:33,(anonymous_5)
FN:41,(anonymous_6)
FN:54,(anonymous_7)
FN:55,(anonymous_8)
FN:60,(anonymous_9)
FN:73,(anonymous_10)
FN:74,(anonymous_11)
FN:79,(anonymous_12)
FN:82,(anonymous_13)
FN:91,(anonymous_14)
FN:93,(anonymous_15)
FN:100,(anonymous_16)
FN:102,(anonymous_17)
FN:109,(anonymous_18)
FN:114,(anonymous_19)
FN:119,(anonymous_20)
FN:121,(anonymous_21)
FN:129,(anonymous_22)
FN:132,(anonymous_23)
FN:141,(anonymous_24)
FNF:25
FNH:9
FNDA:14,useContatosPage
FNDA:352,(anonymous_1)
FNDA:2,(anonymous_2)
FNDA:0,(anonymous_3)
FNDA:0,(anonymous_4)
FNDA:0,(anonymous_5)
FNDA:0,(anonymous_6)
FNDA:0,(anonymous_7)
FNDA:0,(anonymous_8)
FNDA:0,(anonymous_9)
FNDA:0,(anonymous_10)
FNDA:0,(anonymous_11)
FNDA:0,(anonymous_12)
FNDA:0,(anonymous_13)
FNDA:1,(anonymous_14)
FNDA:1,(anonymous_15)
FNDA:1,(anonymous_16)
FNDA:1,(anonymous_17)
FNDA:1,(anonymous_18)
FNDA:0,(anonymous_19)
FNDA:0,(anonymous_20)
FNDA:0,(anonymous_21)
FNDA:0,(anonymous_22)
FNDA:0,(anonymous_23)
FNDA:5,(anonymous_24)
DA:1,2
DA:2,2
DA:3,2
DA:4,2
DA:7,2
DA:8,14
DA:9,14
DA:10,14
DA:11,14
DA:12,14
DA:14,14
DA:15,14
DA:17,352
DA:20,14
DA:21,2
DA:22,2
DA:26,14
DA:27,0
DA:31,14
DA:33,0
DA:34,0
DA:35,0
DA:40,0
DA:42,0
DA:43,0
DA:45,0
DA:53,14
DA:55,0
DA:56,0
DA:57,0
DA:59,0
DA:61,0
DA:62,0
DA:63,0
DA:72,14
DA:74,0
DA:75,0
DA:76,0
DA:78,0
DA:80,0
DA:81,0
DA:82,0
DA:91,14
DA:92,1
DA:93,1
DA:94,1
DA:95,1
DA:100,14
DA:101,1
DA:102,1
DA:103,1
DA:104,1
DA:109,14
DA:110,1
DA:114,14
DA:115,0
DA:119,14
DA:120,0
DA:121,0
DA:122,0
DA:123,0
DA:125,0
DA:129,14
DA:130,0
DA:131,0
DA:132,0
DA:133,0
DA:136,0
DA:141,14
DA:142,5
DA:145,14
LF:71
LH:38
BRDA:14,0,0,0
BRDA:34,1,0,0
BRDA:34,1,1,0
BRDA:36,2,0,0
BRDA:36,2,1,0
BRDA:37,3,0,0
BRDA:37,3,1,0
BRDA:42,4,0,0
BRDA:42,4,1,0
BRDA:42,5,0,0
BRDA:42,5,1,0
BRDA:56,6,0,0
BRDA:56,6,1,0
BRDA:62,7,0,0
BRDA:62,7,1,0
BRDA:62,8,0,0
BRDA:62,8,1,0
BRDA:75,9,0,0
BRDA:75,9,1,0
BRDA:81,10,0,0
BRDA:81,10,1,0
BRDA:81,11,0,0
BRDA:81,11,1,0
BRDA:82,12,0,0
BRDA:82,12,1,0
BRDA:130,13,0,0
BRDA:130,13,1,0
BRF:27
BRH:0
end_of_record
TN:
SF:src\hooks\usePagination.ts
FN:10,usePagination
FN:18,(anonymous_1)
FN:24,(anonymous_2)
FN:43,(anonymous_3)
FN:47,(anonymous_4)
FN:53,(anonymous_5)
FN:58,(anonymous_6)
FN:62,(anonymous_7)
FNF:8
FNH:8
FNDA:15,usePagination
FNDA:11,(anonymous_1)
FNDA:183,(anonymous_2)
FNDA:15,(anonymous_3)
FNDA:15,(anonymous_4)
FNDA:4,(anonymous_5)
FNDA:1,(anonymous_6)
FNDA:1,(anonymous_7)
DA:1,2
DA:10,2
DA:16,15
DA:18,15
DA:20,11
DA:21,8
DA:24,3
DA:25,183
DA:26,183
DA:29,183
DA:30,183
DA:31,183
DA:35,0
DA:36,0
DA:37,0
DA:41,15
DA:43,15
DA:44,15
DA:47,15
DA:48,15
DA:49,15
DA:50,15
DA:53,15
DA:54,4
DA:55,4
DA:58,15
DA:59,1
DA:62,15
DA:63,1
DA:66,15
LF:30
LH:27
BRDA:12,0,0,0
BRDA:14,1,0,12
BRDA:20,2,0,8
BRDA:20,2,1,3
BRDA:29,3,0,183
BRDA:29,3,1,0
BRDA:29,4,0,183
BRDA:29,4,1,183
BRDA:31,5,0,183
BRDA:31,5,1,0
BRDA:35,6,0,0
BRDA:35,6,1,0
BRDA:35,7,0,0
BRDA:35,7,1,0
BRDA:36,8,0,0
BRDA:36,8,1,0
BRDA:36,9,0,0
BRDA:36,9,1,0
BRF:18
BRH:7
end_of_record
TN:
SF:src\hooks\useSelection.ts
FN:3,useSelection
FN:6,(anonymous_1)
FN:7,(anonymous_2)
FN:18,(anonymous_3)
FN:19,(anonymous_4)
FN:22,(anonymous_5)
FN:26,(anonymous_6)
FNF:7
FNH:7
FNDA:12,useSelection
FNDA:4,(anonymous_1)
FNDA:4,(anonymous_2)
FNDA:2,(anonymous_3)
FNDA:6,(anonymous_4)
FNDA:1,(anonymous_5)
FNDA:12,(anonymous_6)
DA:1,2
DA:3,2
DA:4,12
DA:6,12
DA:7,4
DA:8,4
DA:9,4
DA:10,1
DA:12,3
DA:14,4
DA:18,12
DA:19,6
DA:22,12
DA:23,1
DA:26,12
DA:27,12
DA:30,12
LF:17
LH:17
BRDA:9,0,0,1
BRDA:9,0,1,3
BRF:2
BRH:2
end_of_record
TN:
SF:src\pages\Contatos\Contatos.tsx
FN:10,(anonymous_1)
FN:45,(anonymous_2)
FNF:2
FNH:1
FNDA:3,(anonymous_1)
FNDA:0,(anonymous_2)
DA:1,1
DA:2,1
DA:3,1
DA:4,1
DA:5,1
DA:6,1
DA:7,1
DA:8,1
DA:10,1
DA:29,3
DA:31,3
DA:32,1
DA:40,2
DA:41,0
DA:45,0
DA:54,2
LF:16
LH:14
BRDA:31,0,0,1
BRDA:31,0,1,2
BRDA:31,1,0,3
BRDA:31,1,1,1
BRDA:40,2,0,0
BRDA:40,2,1,2
BRDA:69,3,0,2
BRDA:69,3,1,2
BRDA:97,4,0,2
BRDA:97,4,1,0
BRDA:97,4,2,0
BRDA:111,5,0,2
BRDA:111,5,1,0
BRDA:111,5,2,0
BRF:14
BRH:9
end_of_record
TN:
SF:src\services\contatoService.ts
FN:10,(anonymous_0)
FN:23,(anonymous_1)
FN:36,(anonymous_2)
FN:52,(anonymous_3)
FN:65,(anonymous_4)
FN:78,(anonymous_5)
FN:90,(anonymous_6)
FN:102,(anonymous_7)
FN:115,(anonymous_8)
FN:130,(anonymous_9)
FNF:10
FNH:1
FNDA:5,(anonymous_0)
FNDA:0,(anonymous_1)
FNDA:0,(anonymous_2)
FNDA:0,(anonymous_3)
FNDA:0,(anonymous_4)
FNDA:0,(anonymous_5)
FNDA:0,(anonymous_6)
FNDA:0,(anonymous_7)
FNDA:0,(anonymous_8)
FNDA:0,(anonymous_9)
DA:3,3
DA:11,5
DA:12,5
DA:13,4
DA:15,0
DA:16,0
DA:24,0
DA:25,0
DA:26,0
DA:28,0
DA:29,0
DA:37,0
DA:39,0
DA:41,0
DA:42,0
DA:44,0
DA:45,0
DA:53,0
DA:54,0
DA:55,0
DA:57,0
DA:58,0
DA:66,0
DA:67,0
DA:68,0
DA:70,0
DA:71,0
DA:79,0
DA:80,0
DA:82,0
DA:83,0
DA:91,0
DA:92,0
DA:94,0
DA:95,0
DA:103,0
DA:104,0
DA:105,0
DA:107,0
DA:108,0
DA:116,0
DA:117,0
DA:119,0
DA:120,0
DA:122,0
DA:123,0
DA:131,0
DA:132,0
DA:136,3
LF:49
LH:5
BRDA:116,0,0,0
BRDA:116,0,1,0
BRDA:116,1,0,0
BRDA:116,1,1,0
BRDA:119,2,0,0
BRDA:119,2,1,0
BRDA:119,3,0,0
BRDA:119,3,1,0
BRDA:122,4,0,0
BRDA:122,4,1,0
BRDA:122,5,0,0
BRDA:122,5,1,0
BRF:12
BRH:0
end_of_record
TN:
SF:src\utils\formatters.ts
FN:9,(anonymous_0)
FN:17,(anonymous_1)
FN:25,(anonymous_2)
FN:36,(anonymous_3)
FN:47,(anonymous_4)
FN:61,(anonymous_5)
FNF:6
FNH:3
FNDA:0,(anonymous_0)
FNDA:1,(anonymous_1)
FNDA:2,(anonymous_2)
FNDA:1,(anonymous_3)
FNDA:0,(anonymous_4)
FNDA:0,(anonymous_5)
DA:5,2
DA:10,0
DA:11,0
DA:18,1
DA:19,1
DA:26,2
DA:27,2
DA:28,1
DA:30,1
DA:37,1
DA:38,1
DA:39,1
DA:41,0
DA:48,0
DA:49,0
DA:50,0
DA:52,0
DA:53,0
DA:55,0
DA:62,0
LF:20
LH:10
BRDA:27,0,0,1
BRDA:27,0,1,1
BRDA:38,1,0,1
BRDA:38,1,1,0
BRDA:49,2,0,0
BRDA:49,2,1,0
BRDA:52,3,0,0
BRDA:52,3,1,0
BRF:8
BRH:3
end_of_record
TN:
SF:src\utils\masks.ts
FN:9,(anonymous_0)
FN:19,(anonymous_1)
FN:29,(anonymous_2)
FN:40,(anonymous_3)
FN:49,(anonymous_4)
FNF:5
FNH:1
FNDA:14,(anonymous_0)
FNDA:0,(anonymous_1)
FNDA:0,(anonymous_2)
FNDA:0,(anonymous_3)
FNDA:0,(anonymous_4)
DA:5,2
DA:10,14
DA:11,14
DA:12,10
DA:13,4
DA:20,0
DA:21,0
DA:22,0
DA:23,0
DA:30,0
DA:31,0
DA:32,0
DA:33,0
DA:34,0
DA:41,0
DA:42,0
DA:43,0
DA:49,0
LF:18
LH:5
BRDA:11,0,0,4
BRDA:11,0,1,10
BRDA:12,1,0,6
BRDA:12,1,1,4
BRDA:21,2,0,0
BRDA:21,2,1,0
BRDA:22,3,0,0
BRDA:22,3,1,0
BRDA:31,4,0,0
BRDA:31,4,1,0
BRDA:32,5,0,0
BRDA:32,5,1,0
BRDA:33,6,0,0
BRDA:33,6,1,0
BRDA:42,7,0,0
BRDA:42,7,1,0
BRF:16
BRH:4
end_of_record
